<?xml version="1.0" encoding="utf-8"?>
<TestRun id="7a060961-88d2-4e2e-95ae-dee63595a2ef" name="n.aglione@PACTXVDIDEV118 2024-08-22 13:34:37" runUser="ITSPTY\n.aglione" xmlns="http://microsoft.com/schemas/VisualStudio/TeamTest/2010">
  <Times creation="2024-08-22T13:34:37.8221863+02:00" queuing="2024-08-22T13:34:37.8221869+02:00" start="2024-08-22T13:32:40.4137648+02:00" finish="2024-08-22T13:42:32.5268705+02:00" />
  <TestSettings name="default" id="2e8d7e48-15e9-45c6-a7ff-e5970c3de3bc">
    <Deployment runDeploymentRoot="n.aglione_PACTXVDIDEV118_2024-08-22_13_34_37" />
  </TestSettings>
  <Results>
    <UnitTestResult executionId="c678bd4f-6e64-47c9-96c1-3b0da77e728b" testId="daa338c2-f925-08ec-a49d-a8c592143df1" testName="MultipleFieldsMessage" computerName="PACTXVDIDEV118" duration="00:02:45.5635990" startTime="2024-08-22T13:34:37.7732008+02:00" endTime="2024-08-22T13:37:23.3373686+02:00" testType="13cdc9d9-ddb5-4fa4-a97d-d965ccfc6d4b" outcome="Passed" testListId="8c84fa94-04c1-424b-9868-57a2d4851a1d" relativeResultsDirectory="c678bd4f-6e64-47c9-96c1-3b0da77e728b">
      <Output>
        <StdOut>[testcontainers.org 00:01:57.20] Docker container e0ba4f89b431 created&#xD;
[testcontainers.org 00:01:57.23] Start Docker container e0ba4f89b431&#xD;
[testcontainers.org 00:02:00.46] Execute "mkdir /var/lib/mysql-files" at Docker container e0ba4f89b431&#xD;
[testcontainers.org 00:02:00.46] Add file to tar archive: Content length: 48 byte(s), Target file: "/etc/mysql/my.cnf"&#xD;
[testcontainers.org 00:02:00.46] Copy tar archive to container: Content length: 48 byte(s), Docker container: e0ba4f89b431&#xD;
[testcontainers.org 00:02:00.89] Wait for Docker container e0ba4f89b431 to complete readiness checks&#xD;
[testcontainers.org 00:02:00.91] Execute "mysql Customers --wait --silent --execute=SELECT 1;" at Docker container e0ba4f89b431&#xD;
[testcontainers.org 00:02:02.03] Execute "mysql Customers --wait --silent --execute=SELECT 1;" at Docker container e0ba4f89b431&#xD;
[testcontainers.org 00:02:03.23] Execute "mysql Customers --wait --silent --execute=SELECT 1;" at Docker container e0ba4f89b431&#xD;
[testcontainers.org 00:02:04.44] Execute "mysql Customers --wait --silent --execute=SELECT 1;" at Docker container e0ba4f89b431&#xD;
[testcontainers.org 00:02:05.55] Execute "mysql Customers --wait --silent --execute=SELECT 1;" at Docker container e0ba4f89b431&#xD;
[testcontainers.org 00:02:06.66] Execute "mysql Customers --wait --silent --execute=SELECT 1;" at Docker container e0ba4f89b431&#xD;
[testcontainers.org 00:02:07.78] Execute "mysql Customers --wait --silent --execute=SELECT 1;" at Docker container e0ba4f89b431&#xD;
[testcontainers.org 00:02:09.04] Execute "mysql Customers --wait --silent --execute=SELECT 1;" at Docker container e0ba4f89b431&#xD;
[testcontainers.org 00:02:10.26] Execute "mysql Customers --wait --silent --execute=SELECT 1;" at Docker container e0ba4f89b431&#xD;
[testcontainers.org 00:02:11.73] Execute "mysql Customers --wait --silent --execute=SELECT 1;" at Docker container e0ba4f89b431&#xD;
[testcontainers.org 00:02:12.94] Execute "mysql Customers --wait --silent --execute=SELECT 1;" at Docker container e0ba4f89b431&#xD;
[testcontainers.org 00:02:14.22] Execute "mysql Customers --wait --silent --execute=SELECT 1;" at Docker container e0ba4f89b431&#xD;
[testcontainers.org 00:02:15.58] Execute "mysql Customers --wait --silent --execute=SELECT 1;" at Docker container e0ba4f89b431&#xD;
[testcontainers.org 00:02:16.92] Execute "mysql Customers --wait --silent --execute=SELECT 1;" at Docker container e0ba4f89b431&#xD;
[testcontainers.org 00:02:18.22] Execute "mysql Customers --wait --silent --execute=SELECT 1;" at Docker container e0ba4f89b431&#xD;
[testcontainers.org 00:02:19.70] Execute "mysql Customers --wait --silent --execute=SELECT 1;" at Docker container e0ba4f89b431&#xD;
[testcontainers.org 00:02:21.33] Execute "mysql Customers --wait --silent --execute=SELECT 1;" at Docker container e0ba4f89b431&#xD;
[testcontainers.org 00:02:22.47] Execute "mysql Customers --wait --silent --execute=SELECT 1;" at Docker container e0ba4f89b431&#xD;
[testcontainers.org 00:02:23.57] Execute "mysql Customers --wait --silent --execute=SELECT 1;" at Docker container e0ba4f89b431&#xD;
[testcontainers.org 00:02:24.71] Execute "mysql Customers --wait --silent --execute=SELECT 1;" at Docker container e0ba4f89b431&#xD;
[testcontainers.org 00:02:26.03] Execute "mysql Customers --wait --silent --execute=SELECT 1;" at Docker container e0ba4f89b431&#xD;
[testcontainers.org 00:02:27.15] Execute "mysql Customers --wait --silent --execute=SELECT 1;" at Docker container e0ba4f89b431&#xD;
[testcontainers.org 00:02:28.25] Execute "mysql Customers --wait --silent --execute=SELECT 1;" at Docker container e0ba4f89b431&#xD;
[testcontainers.org 00:02:29.80] Execute "mysql Customers --wait --silent --execute=SELECT 1;" at Docker container e0ba4f89b431&#xD;
[testcontainers.org 00:02:31.06] Execute "mysql Customers --wait --silent --execute=SELECT 1;" at Docker container e0ba4f89b431&#xD;
[testcontainers.org 00:02:32.17] Execute "mysql Customers --wait --silent --execute=SELECT 1;" at Docker container e0ba4f89b431&#xD;
[testcontainers.org 00:02:33.27] Execute "mysql Customers --wait --silent --execute=SELECT 1;" at Docker container e0ba4f89b431&#xD;
[testcontainers.org 00:02:34.37] Execute "mysql Customers --wait --silent --execute=SELECT 1;" at Docker container e0ba4f89b431&#xD;
[testcontainers.org 00:02:35.49] Execute "mysql Customers --wait --silent --execute=SELECT 1;" at Docker container e0ba4f89b431&#xD;
[testcontainers.org 00:02:36.94] Execute "mysql Customers --wait --silent --execute=SELECT 1;" at Docker container e0ba4f89b431&#xD;
[testcontainers.org 00:02:38.06] Execute "mysql Customers --wait --silent --execute=SELECT 1;" at Docker container e0ba4f89b431&#xD;
[testcontainers.org 00:02:39.32] Execute "mysql Customers --wait --silent --execute=SELECT 1;" at Docker container e0ba4f89b431&#xD;
[testcontainers.org 00:02:40.64] Execute "mysql Customers --wait --silent --execute=SELECT 1;" at Docker container e0ba4f89b431&#xD;
[testcontainers.org 00:02:41.76] Execute "mysql Customers --wait --silent --execute=SELECT 1;" at Docker container e0ba4f89b431&#xD;
[testcontainers.org 00:02:43.00] Execute "mysql Customers --wait --silent --execute=SELECT 1;" at Docker container e0ba4f89b431&#xD;
[testcontainers.org 00:02:44.48] Execute "mysql Customers --wait --silent --execute=SELECT 1;" at Docker container e0ba4f89b431&#xD;
[testcontainers.org 00:02:46.40] Execute "mysql Customers --wait --silent --execute=SELECT 1;" at Docker container e0ba4f89b431&#xD;
[testcontainers.org 00:02:47.66] Execute "mysql Customers --wait --silent --execute=SELECT 1;" at Docker container e0ba4f89b431&#xD;
[testcontainers.org 00:02:48.79] Execute "mysql Customers --wait --silent --execute=SELECT 1;" at Docker container e0ba4f89b431&#xD;
[testcontainers.org 00:02:50.07] Execute "mysql Customers --wait --silent --execute=SELECT 1;" at Docker container e0ba4f89b431&#xD;
[testcontainers.org 00:02:51.26] Execute "mysql Customers --wait --silent --execute=SELECT 1;" at Docker container e0ba4f89b431&#xD;
[testcontainers.org 00:02:52.36] Execute "mysql Customers --wait --silent --execute=SELECT 1;" at Docker container e0ba4f89b431&#xD;
[testcontainers.org 00:02:53.73] Execute "mysql Customers --wait --silent --execute=SELECT 1;" at Docker container e0ba4f89b431&#xD;
[testcontainers.org 00:02:54.82] Execute "mysql Customers --wait --silent --execute=SELECT 1;" at Docker container e0ba4f89b431&#xD;
[testcontainers.org 00:02:56.26] Execute "mysql Customers --wait --silent --execute=SELECT 1;" at Docker container e0ba4f89b431&#xD;
[testcontainers.org 00:02:57.47] Execute "mysql Customers --wait --silent --execute=SELECT 1;" at Docker container e0ba4f89b431&#xD;
[testcontainers.org 00:02:58.86] Execute "mysql Customers --wait --silent --execute=SELECT 1;" at Docker container e0ba4f89b431&#xD;
[testcontainers.org 00:03:00.03] Execute "mysql Customers --wait --silent --execute=SELECT 1;" at Docker container e0ba4f89b431&#xD;
[testcontainers.org 00:03:01.22] Execute "mysql Customers --wait --silent --execute=SELECT 1;" at Docker container e0ba4f89b431&#xD;
[testcontainers.org 00:03:02.47] Execute "mysql Customers --wait --silent --execute=SELECT 1;" at Docker container e0ba4f89b431&#xD;
[testcontainers.org 00:03:03.58] Execute "mysql Customers --wait --silent --execute=SELECT 1;" at Docker container e0ba4f89b431&#xD;
[testcontainers.org 00:03:05.06] Execute "mysql Customers --wait --silent --execute=SELECT 1;" at Docker container e0ba4f89b431&#xD;
[testcontainers.org 00:03:06.16] Execute "mysql Customers --wait --silent --execute=SELECT 1;" at Docker container e0ba4f89b431&#xD;
[testcontainers.org 00:03:07.28] Execute "mysql Customers --wait --silent --execute=SELECT 1;" at Docker container e0ba4f89b431&#xD;
[testcontainers.org 00:03:08.40] Execute "mysql Customers --wait --silent --execute=SELECT 1;" at Docker container e0ba4f89b431&#xD;
[testcontainers.org 00:03:09.67] Execute "mysql Customers --wait --silent --execute=SELECT 1;" at Docker container e0ba4f89b431&#xD;
[testcontainers.org 00:03:09.83] Docker container e0ba4f89b431 ready&#xD;
[testcontainers.org 00:03:10.47] Docker container 61d0b65e6fa5 created&#xD;
[testcontainers.org 00:03:10.50] Start Docker container 61d0b65e6fa5&#xD;
[testcontainers.org 00:03:12.19] Wait for Docker container 61d0b65e6fa5 to complete readiness checks&#xD;
[testcontainers.org 00:03:36.18] Docker container 61d0b65e6fa5 ready&#xD;
[testcontainers.org 00:03:36.64] Docker container ef3495022bb1 created&#xD;
[testcontainers.org 00:03:36.66] Start Docker container ef3495022bb1&#xD;
[testcontainers.org 00:03:38.38] Execute "mkdir /var/lib/mysql-files" at Docker container ef3495022bb1&#xD;
[testcontainers.org 00:03:38.38] Add file to tar archive: Content length: 48 byte(s), Target file: "/etc/mysql/my.cnf"&#xD;
[testcontainers.org 00:03:38.38] Copy tar archive to container: Content length: 48 byte(s), Docker container: ef3495022bb1&#xD;
[testcontainers.org 00:03:38.58] Wait for Docker container ef3495022bb1 to complete readiness checks&#xD;
[testcontainers.org 00:03:38.69] Execute "mysql Customers --wait --silent --execute=SELECT 1;" at Docker container ef3495022bb1&#xD;
[testcontainers.org 00:03:40.14] Execute "mysql Customers --wait --silent --execute=SELECT 1;" at Docker container ef3495022bb1&#xD;
[testcontainers.org 00:03:41.36] Execute "mysql Customers --wait --silent --execute=SELECT 1;" at Docker container ef3495022bb1&#xD;
[testcontainers.org 00:03:42.62] Execute "mysql Customers --wait --silent --execute=SELECT 1;" at Docker container ef3495022bb1&#xD;
[testcontainers.org 00:03:43.89] Execute "mysql Customers --wait --silent --execute=SELECT 1;" at Docker container ef3495022bb1&#xD;
[testcontainers.org 00:03:45.01] Execute "mysql Customers --wait --silent --execute=SELECT 1;" at Docker container ef3495022bb1&#xD;
[testcontainers.org 00:03:46.13] Execute "mysql Customers --wait --silent --execute=SELECT 1;" at Docker container ef3495022bb1&#xD;
[testcontainers.org 00:03:47.24] Execute "mysql Customers --wait --silent --execute=SELECT 1;" at Docker container ef3495022bb1&#xD;
[testcontainers.org 00:03:48.35] Execute "mysql Customers --wait --silent --execute=SELECT 1;" at Docker container ef3495022bb1&#xD;
[testcontainers.org 00:03:49.59] Execute "mysql Customers --wait --silent --execute=SELECT 1;" at Docker container ef3495022bb1&#xD;
[testcontainers.org 00:03:50.75] Execute "mysql Customers --wait --silent --execute=SELECT 1;" at Docker container ef3495022bb1&#xD;
[testcontainers.org 00:03:51.97] Execute "mysql Customers --wait --silent --execute=SELECT 1;" at Docker container ef3495022bb1&#xD;
[testcontainers.org 00:03:53.09] Execute "mysql Customers --wait --silent --execute=SELECT 1;" at Docker container ef3495022bb1&#xD;
[testcontainers.org 00:03:54.20] Execute "mysql Customers --wait --silent --execute=SELECT 1;" at Docker container ef3495022bb1&#xD;
[testcontainers.org 00:03:55.31] Execute "mysql Customers --wait --silent --execute=SELECT 1;" at Docker container ef3495022bb1&#xD;
[testcontainers.org 00:03:56.51] Execute "mysql Customers --wait --silent --execute=SELECT 1;" at Docker container ef3495022bb1&#xD;
[testcontainers.org 00:03:57.63] Execute "mysql Customers --wait --silent --execute=SELECT 1;" at Docker container ef3495022bb1&#xD;
[testcontainers.org 00:03:58.75] Execute "mysql Customers --wait --silent --execute=SELECT 1;" at Docker container ef3495022bb1&#xD;
[testcontainers.org 00:03:59.88] Execute "mysql Customers --wait --silent --execute=SELECT 1;" at Docker container ef3495022bb1&#xD;
[testcontainers.org 00:04:01.26] Execute "mysql Customers --wait --silent --execute=SELECT 1;" at Docker container ef3495022bb1&#xD;
[testcontainers.org 00:04:02.38] Execute "mysql Customers --wait --silent --execute=SELECT 1;" at Docker container ef3495022bb1&#xD;
[testcontainers.org 00:04:03.75] Execute "mysql Customers --wait --silent --execute=SELECT 1;" at Docker container ef3495022bb1&#xD;
[testcontainers.org 00:04:05.40] Execute "mysql Customers --wait --silent --execute=SELECT 1;" at Docker container ef3495022bb1&#xD;
[testcontainers.org 00:04:06.68] Execute "mysql Customers --wait --silent --execute=SELECT 1;" at Docker container ef3495022bb1&#xD;
[testcontainers.org 00:04:08.11] Execute "mysql Customers --wait --silent --execute=SELECT 1;" at Docker container ef3495022bb1&#xD;
[testcontainers.org 00:04:09.62] Execute "mysql Customers --wait --silent --execute=SELECT 1;" at Docker container ef3495022bb1&#xD;
[testcontainers.org 00:04:10.73] Execute "mysql Customers --wait --silent --execute=SELECT 1;" at Docker container ef3495022bb1&#xD;
[testcontainers.org 00:04:12.07] Execute "mysql Customers --wait --silent --execute=SELECT 1;" at Docker container ef3495022bb1&#xD;
[testcontainers.org 00:04:13.44] Execute "mysql Customers --wait --silent --execute=SELECT 1;" at Docker container ef3495022bb1&#xD;
[testcontainers.org 00:04:15.31] Execute "mysql Customers --wait --silent --execute=SELECT 1;" at Docker container ef3495022bb1&#xD;
[testcontainers.org 00:04:16.88] Execute "mysql Customers --wait --silent --execute=SELECT 1;" at Docker container ef3495022bb1&#xD;
[testcontainers.org 00:04:18.26] Execute "mysql Customers --wait --silent --execute=SELECT 1;" at Docker container ef3495022bb1&#xD;
[testcontainers.org 00:04:19.46] Execute "mysql Customers --wait --silent --execute=SELECT 1;" at Docker container ef3495022bb1&#xD;
[testcontainers.org 00:04:20.80] Execute "mysql Customers --wait --silent --execute=SELECT 1;" at Docker container ef3495022bb1&#xD;
[testcontainers.org 00:04:22.18] Execute "mysql Customers --wait --silent --execute=SELECT 1;" at Docker container ef3495022bb1&#xD;
[testcontainers.org 00:04:23.76] Execute "mysql Customers --wait --silent --execute=SELECT 1;" at Docker container ef3495022bb1&#xD;
[testcontainers.org 00:04:25.28] Execute "mysql Customers --wait --silent --execute=SELECT 1;" at Docker container ef3495022bb1&#xD;
[testcontainers.org 00:04:26.60] Execute "mysql Customers --wait --silent --execute=SELECT 1;" at Docker container ef3495022bb1&#xD;
[testcontainers.org 00:04:27.95] Execute "mysql Customers --wait --silent --execute=SELECT 1;" at Docker container ef3495022bb1&#xD;
[testcontainers.org 00:04:28.28] Docker container ef3495022bb1 ready&#xD;
Given a RabbitMQ queue named complex_queue&#xD;
-&gt; done: RabbitMqTestStepDefinitions.GivenARabbitMQQueueNamed("complex_queue") (0.0s)&#xD;
When I publish a complex message to the queue&#xD;
-&gt; done: RabbitMqTestStepDefinitions.WhenIPublishAComplexMessageToTheQueue() (0.0s)&#xD;
Then the complex message should be consumed and validated&#xD;
[testcontainers.org 00:04:29.33] Docker container e1167fc3318d created&#xD;
[testcontainers.org 00:04:29.42] Start Docker container e1167fc3318d&#xD;
-&gt; done: RabbitMqTestStepDefinitions.ThenTheComplexMessageShouldBeConsumedAndValidated() (1.0s)&#xD;
[testcontainers.org 00:04:30.01] Delete Docker container e0ba4f89b431&#xD;
[testcontainers.org 00:04:32.68] Delete Docker container 61d0b65e6fa5&#xD;
[testcontainers.org 00:04:32.72] Execute "mkdir /var/lib/mysql-files" at Docker container e1167fc3318d&#xD;
[testcontainers.org 00:04:32.72] Add file to tar archive: Content length: 48 byte(s), Target file: "/etc/mysql/my.cnf"&#xD;
[testcontainers.org 00:04:32.72] Copy tar archive to container: Content length: 48 byte(s), Docker container: e1167fc3318d&#xD;
[testcontainers.org 00:04:32.80] Wait for Docker container e1167fc3318d to complete readiness checks&#xD;
[testcontainers.org 00:04:32.82] Execute "mysql Customers --wait --silent --execute=SELECT 1;" at Docker container e1167fc3318d&#xD;
[testcontainers.org 00:04:34.66] Execute "mysql Customers --wait --silent --execute=SELECT 1;" at Docker container e1167fc3318d&#xD;
[testcontainers.org 00:04:36.19] Execute "mysql Customers --wait --silent --execute=SELECT 1;" at Docker container e1167fc3318d&#xD;
[testcontainers.org 00:04:36.78] Delete Docker container ef3495022bb1&#xD;
[testcontainers.org 00:04:37.63] Execute "mysql Customers --wait --silent --execute=SELECT 1;" at Docker container e1167fc3318d&#xD;
[testcontainers.org 00:04:38.86] Execute "mysql Customers --wait --silent --execute=SELECT 1;" at Docker container e1167fc3318d</StdOut>
      </Output>
    </UnitTestResult>
    <UnitTestResult executionId="54c78df0-8a1a-4ee8-88ae-711a20f9b5b8" testId="542b61e8-e0e3-97b5-3749-dab70bc028a6" testName="ListQueue" computerName="PACTXVDIDEV118" duration="00:02:46.4987210" startTime="2024-08-22T13:37:23.3386149+02:00" endTime="2024-08-22T13:40:09.8379180+02:00" testType="13cdc9d9-ddb5-4fa4-a97d-d965ccfc6d4b" outcome="Passed" testListId="8c84fa94-04c1-424b-9868-57a2d4851a1d" relativeResultsDirectory="54c78df0-8a1a-4ee8-88ae-711a20f9b5b8">
      <Output>
        <StdOut>[testcontainers.org 00:04:41.42] Docker container 2852e4769047 created&#xD;
[testcontainers.org 00:04:41.44] Start Docker container 2852e4769047&#xD;
[testcontainers.org 00:04:44.94] Execute "mkdir /var/lib/mysql-files" at Docker container 2852e4769047&#xD;
[testcontainers.org 00:04:44.94] Add file to tar archive: Content length: 48 byte(s), Target file: "/etc/mysql/my.cnf"&#xD;
[testcontainers.org 00:04:44.94] Copy tar archive to container: Content length: 48 byte(s), Docker container: 2852e4769047&#xD;
[testcontainers.org 00:04:45.15] Wait for Docker container 2852e4769047 to complete readiness checks&#xD;
[testcontainers.org 00:04:45.17] Execute "mysql Customers --wait --silent --execute=SELECT 1;" at Docker container 2852e4769047&#xD;
[testcontainers.org 00:04:46.43] Execute "mysql Customers --wait --silent --execute=SELECT 1;" at Docker container 2852e4769047&#xD;
[testcontainers.org 00:04:47.66] Execute "mysql Customers --wait --silent --execute=SELECT 1;" at Docker container 2852e4769047&#xD;
[testcontainers.org 00:04:48.86] Execute "mysql Customers --wait --silent --execute=SELECT 1;" at Docker container 2852e4769047&#xD;
[testcontainers.org 00:04:50.10] Execute "mysql Customers --wait --silent --execute=SELECT 1;" at Docker container 2852e4769047&#xD;
[testcontainers.org 00:04:51.22] Execute "mysql Customers --wait --silent --execute=SELECT 1;" at Docker container 2852e4769047&#xD;
[testcontainers.org 00:04:52.72] Execute "mysql Customers --wait --silent --execute=SELECT 1;" at Docker container 2852e4769047&#xD;
[testcontainers.org 00:04:53.93] Execute "mysql Customers --wait --silent --execute=SELECT 1;" at Docker container 2852e4769047&#xD;
[testcontainers.org 00:04:55.26] Execute "mysql Customers --wait --silent --execute=SELECT 1;" at Docker container 2852e4769047&#xD;
[testcontainers.org 00:04:56.76] Execute "mysql Customers --wait --silent --execute=SELECT 1;" at Docker container 2852e4769047&#xD;
[testcontainers.org 00:04:58.05] Execute "mysql Customers --wait --silent --execute=SELECT 1;" at Docker container 2852e4769047&#xD;
[testcontainers.org 00:04:59.36] Execute "mysql Customers --wait --silent --execute=SELECT 1;" at Docker container 2852e4769047&#xD;
[testcontainers.org 00:05:00.86] Execute "mysql Customers --wait --silent --execute=SELECT 1;" at Docker container 2852e4769047&#xD;
[testcontainers.org 00:05:02.66] Execute "mysql Customers --wait --silent --execute=SELECT 1;" at Docker container 2852e4769047&#xD;
[testcontainers.org 00:05:03.97] Execute "mysql Customers --wait --silent --execute=SELECT 1;" at Docker container 2852e4769047&#xD;
[testcontainers.org 00:05:05.39] Execute "mysql Customers --wait --silent --execute=SELECT 1;" at Docker container 2852e4769047&#xD;
[testcontainers.org 00:05:06.92] Execute "mysql Customers --wait --silent --execute=SELECT 1;" at Docker container 2852e4769047&#xD;
[testcontainers.org 00:05:08.36] Execute "mysql Customers --wait --silent --execute=SELECT 1;" at Docker container 2852e4769047&#xD;
[testcontainers.org 00:05:09.89] Execute "mysql Customers --wait --silent --execute=SELECT 1;" at Docker container 2852e4769047&#xD;
[testcontainers.org 00:05:11.11] Execute "mysql Customers --wait --silent --execute=SELECT 1;" at Docker container 2852e4769047&#xD;
[testcontainers.org 00:05:12.61] Execute "mysql Customers --wait --silent --execute=SELECT 1;" at Docker container 2852e4769047&#xD;
[testcontainers.org 00:05:13.72] Execute "mysql Customers --wait --silent --execute=SELECT 1;" at Docker container 2852e4769047&#xD;
[testcontainers.org 00:05:14.82] Execute "mysql Customers --wait --silent --execute=SELECT 1;" at Docker container 2852e4769047&#xD;
[testcontainers.org 00:05:15.92] Execute "mysql Customers --wait --silent --execute=SELECT 1;" at Docker container 2852e4769047&#xD;
[testcontainers.org 00:05:17.12] Execute "mysql Customers --wait --silent --execute=SELECT 1;" at Docker container 2852e4769047&#xD;
[testcontainers.org 00:05:18.22] Execute "mysql Customers --wait --silent --execute=SELECT 1;" at Docker container 2852e4769047&#xD;
[testcontainers.org 00:05:19.52] Execute "mysql Customers --wait --silent --execute=SELECT 1;" at Docker container 2852e4769047&#xD;
[testcontainers.org 00:05:20.86] Execute "mysql Customers --wait --silent --execute=SELECT 1;" at Docker container 2852e4769047&#xD;
[testcontainers.org 00:05:22.04] Execute "mysql Customers --wait --silent --execute=SELECT 1;" at Docker container 2852e4769047&#xD;
[testcontainers.org 00:05:23.56] Execute "mysql Customers --wait --silent --execute=SELECT 1;" at Docker container 2852e4769047&#xD;
[testcontainers.org 00:05:25.04] Execute "mysql Customers --wait --silent --execute=SELECT 1;" at Docker container 2852e4769047&#xD;
[testcontainers.org 00:05:26.52] Execute "mysql Customers --wait --silent --execute=SELECT 1;" at Docker container 2852e4769047&#xD;
[testcontainers.org 00:05:27.94] Execute "mysql Customers --wait --silent --execute=SELECT 1;" at Docker container 2852e4769047&#xD;
[testcontainers.org 00:05:29.46] Execute "mysql Customers --wait --silent --execute=SELECT 1;" at Docker container 2852e4769047&#xD;
[testcontainers.org 00:05:30.75] Execute "mysql Customers --wait --silent --execute=SELECT 1;" at Docker container 2852e4769047&#xD;
[testcontainers.org 00:05:32.30] Execute "mysql Customers --wait --silent --execute=SELECT 1;" at Docker container 2852e4769047&#xD;
[testcontainers.org 00:05:33.83] Execute "mysql Customers --wait --silent --execute=SELECT 1;" at Docker container 2852e4769047&#xD;
[testcontainers.org 00:05:35.20] Execute "mysql Customers --wait --silent --execute=SELECT 1;" at Docker container 2852e4769047&#xD;
[testcontainers.org 00:05:36.50] Execute "mysql Customers --wait --silent --execute=SELECT 1;" at Docker container 2852e4769047&#xD;
[testcontainers.org 00:05:37.88] Execute "mysql Customers --wait --silent --execute=SELECT 1;" at Docker container 2852e4769047&#xD;
[testcontainers.org 00:05:39.30] Execute "mysql Customers --wait --silent --execute=SELECT 1;" at Docker container 2852e4769047&#xD;
[testcontainers.org 00:05:40.79] Execute "mysql Customers --wait --silent --execute=SELECT 1;" at Docker container 2852e4769047&#xD;
[testcontainers.org 00:05:42.18] Execute "mysql Customers --wait --silent --execute=SELECT 1;" at Docker container 2852e4769047&#xD;
[testcontainers.org 00:05:43.66] Execute "mysql Customers --wait --silent --execute=SELECT 1;" at Docker container 2852e4769047&#xD;
[testcontainers.org 00:05:45.05] Execute "mysql Customers --wait --silent --execute=SELECT 1;" at Docker container 2852e4769047&#xD;
[testcontainers.org 00:05:46.59] Execute "mysql Customers --wait --silent --execute=SELECT 1;" at Docker container 2852e4769047&#xD;
[testcontainers.org 00:05:48.11] Execute "mysql Customers --wait --silent --execute=SELECT 1;" at Docker container 2852e4769047&#xD;
[testcontainers.org 00:05:50.15] Execute "mysql Customers --wait --silent --execute=SELECT 1;" at Docker container 2852e4769047&#xD;
[testcontainers.org 00:05:51.59] Execute "mysql Customers --wait --silent --execute=SELECT 1;" at Docker container 2852e4769047&#xD;
[testcontainers.org 00:05:52.86] Execute "mysql Customers --wait --silent --execute=SELECT 1;" at Docker container 2852e4769047&#xD;
[testcontainers.org 00:05:54.01] Execute "mysql Customers --wait --silent --execute=SELECT 1;" at Docker container 2852e4769047&#xD;
[testcontainers.org 00:05:55.39] Execute "mysql Customers --wait --silent --execute=SELECT 1;" at Docker container 2852e4769047&#xD;
[testcontainers.org 00:05:56.61] Execute "mysql Customers --wait --silent --execute=SELECT 1;" at Docker container 2852e4769047&#xD;
[testcontainers.org 00:05:57.92] Execute "mysql Customers --wait --silent --execute=SELECT 1;" at Docker container 2852e4769047&#xD;
[testcontainers.org 00:05:59.43] Execute "mysql Customers --wait --silent --execute=SELECT 1;" at Docker container 2852e4769047&#xD;
[testcontainers.org 00:06:00.53] Execute "mysql Customers --wait --silent --execute=SELECT 1;" at Docker container 2852e4769047&#xD;
[testcontainers.org 00:06:01.96] Execute "mysql Customers --wait --silent --execute=SELECT 1;" at Docker container 2852e4769047&#xD;
[testcontainers.org 00:06:03.23] Execute "mysql Customers --wait --silent --execute=SELECT 1;" at Docker container 2852e4769047&#xD;
[testcontainers.org 00:06:04.40] Execute "mysql Customers --wait --silent --execute=SELECT 1;" at Docker container 2852e4769047&#xD;
[testcontainers.org 00:06:05.59] Execute "mysql Customers --wait --silent --execute=SELECT 1;" at Docker container 2852e4769047&#xD;
[testcontainers.org 00:06:06.94] Execute "mysql Customers --wait --silent --execute=SELECT 1;" at Docker container 2852e4769047&#xD;
[testcontainers.org 00:06:08.46] Execute "mysql Customers --wait --silent --execute=SELECT 1;" at Docker container 2852e4769047&#xD;
[testcontainers.org 00:06:08.86] Docker container 2852e4769047 ready&#xD;
[testcontainers.org 00:06:09.84] Docker container 0ff7a6524132 created&#xD;
[testcontainers.org 00:06:09.98] Start Docker container 0ff7a6524132&#xD;
[testcontainers.org 00:06:13.28] Wait for Docker container 0ff7a6524132 to complete readiness checks&#xD;
[testcontainers.org 00:06:39.35] Docker container 0ff7a6524132 ready&#xD;
[testcontainers.org 00:06:39.89] Docker container f2f9bd454ae3 created&#xD;
[testcontainers.org 00:06:39.91] Start Docker container f2f9bd454ae3&#xD;
[testcontainers.org 00:06:41.75] Execute "mkdir /var/lib/mysql-files" at Docker container f2f9bd454ae3&#xD;
[testcontainers.org 00:06:41.75] Add file to tar archive: Content length: 48 byte(s), Target file: "/etc/mysql/my.cnf"&#xD;
[testcontainers.org 00:06:41.75] Copy tar archive to container: Content length: 48 byte(s), Docker container: f2f9bd454ae3&#xD;
[testcontainers.org 00:06:41.84] Wait for Docker container f2f9bd454ae3 to complete readiness checks&#xD;
[testcontainers.org 00:06:41.86] Execute "mysql Customers --wait --silent --execute=SELECT 1;" at Docker container f2f9bd454ae3&#xD;
[testcontainers.org 00:06:43.11] Execute "mysql Customers --wait --silent --execute=SELECT 1;" at Docker container f2f9bd454ae3&#xD;
[testcontainers.org 00:06:44.48] Execute "mysql Customers --wait --silent --execute=SELECT 1;" at Docker container f2f9bd454ae3&#xD;
[testcontainers.org 00:06:45.59] Execute "mysql Customers --wait --silent --execute=SELECT 1;" at Docker container f2f9bd454ae3&#xD;
[testcontainers.org 00:06:46.70] Execute "mysql Customers --wait --silent --execute=SELECT 1;" at Docker container f2f9bd454ae3&#xD;
[testcontainers.org 00:06:47.80] Execute "mysql Customers --wait --silent --execute=SELECT 1;" at Docker container f2f9bd454ae3&#xD;
[testcontainers.org 00:06:48.91] Execute "mysql Customers --wait --silent --execute=SELECT 1;" at Docker container f2f9bd454ae3&#xD;
[testcontainers.org 00:06:50.02] Execute "mysql Customers --wait --silent --execute=SELECT 1;" at Docker container f2f9bd454ae3&#xD;
[testcontainers.org 00:06:51.12] Execute "mysql Customers --wait --silent --execute=SELECT 1;" at Docker container f2f9bd454ae3&#xD;
[testcontainers.org 00:06:52.33] Execute "mysql Customers --wait --silent --execute=SELECT 1;" at Docker container f2f9bd454ae3&#xD;
[testcontainers.org 00:06:53.45] Execute "mysql Customers --wait --silent --execute=SELECT 1;" at Docker container f2f9bd454ae3&#xD;
[testcontainers.org 00:06:54.57] Execute "mysql Customers --wait --silent --execute=SELECT 1;" at Docker container f2f9bd454ae3&#xD;
[testcontainers.org 00:06:55.68] Execute "mysql Customers --wait --silent --execute=SELECT 1;" at Docker container f2f9bd454ae3&#xD;
[testcontainers.org 00:06:56.78] Execute "mysql Customers --wait --silent --execute=SELECT 1;" at Docker container f2f9bd454ae3&#xD;
[testcontainers.org 00:06:57.89] Execute "mysql Customers --wait --silent --execute=SELECT 1;" at Docker container f2f9bd454ae3&#xD;
[testcontainers.org 00:06:59.00] Execute "mysql Customers --wait --silent --execute=SELECT 1;" at Docker container f2f9bd454ae3&#xD;
[testcontainers.org 00:07:00.12] Execute "mysql Customers --wait --silent --execute=SELECT 1;" at Docker container f2f9bd454ae3&#xD;
[testcontainers.org 00:07:01.23] Execute "mysql Customers --wait --silent --execute=SELECT 1;" at Docker container f2f9bd454ae3&#xD;
[testcontainers.org 00:07:02.33] Execute "mysql Customers --wait --silent --execute=SELECT 1;" at Docker container f2f9bd454ae3&#xD;
[testcontainers.org 00:07:03.47] Execute "mysql Customers --wait --silent --execute=SELECT 1;" at Docker container f2f9bd454ae3&#xD;
[testcontainers.org 00:07:04.65] Execute "mysql Customers --wait --silent --execute=SELECT 1;" at Docker container f2f9bd454ae3&#xD;
[testcontainers.org 00:07:05.77] Execute "mysql Customers --wait --silent --execute=SELECT 1;" at Docker container f2f9bd454ae3&#xD;
[testcontainers.org 00:07:06.87] Execute "mysql Customers --wait --silent --execute=SELECT 1;" at Docker container f2f9bd454ae3&#xD;
[testcontainers.org 00:07:08.08] Execute "mysql Customers --wait --silent --execute=SELECT 1;" at Docker container f2f9bd454ae3&#xD;
[testcontainers.org 00:07:09.26] Execute "mysql Customers --wait --silent --execute=SELECT 1;" at Docker container f2f9bd454ae3&#xD;
[testcontainers.org 00:07:10.66] Execute "mysql Customers --wait --silent --execute=SELECT 1;" at Docker container f2f9bd454ae3&#xD;
[testcontainers.org 00:07:11.79] Execute "mysql Customers --wait --silent --execute=SELECT 1;" at Docker container f2f9bd454ae3&#xD;
[testcontainers.org 00:07:13.07] Execute "mysql Customers --wait --silent --execute=SELECT 1;" at Docker container f2f9bd454ae3&#xD;
[testcontainers.org 00:07:14.31] Execute "mysql Customers --wait --silent --execute=SELECT 1;" at Docker container f2f9bd454ae3&#xD;
[testcontainers.org 00:07:15.42] Execute "mysql Customers --wait --silent --execute=SELECT 1;" at Docker container f2f9bd454ae3&#xD;
[testcontainers.org 00:07:16.55] Execute "mysql Customers --wait --silent --execute=SELECT 1;" at Docker container f2f9bd454ae3&#xD;
[testcontainers.org 00:07:17.65] Execute "mysql Customers --wait --silent --execute=SELECT 1;" at Docker container f2f9bd454ae3&#xD;
[testcontainers.org 00:07:17.79] Docker container f2f9bd454ae3 ready&#xD;
Given a RabbitMQ queue named list_queue&#xD;
-&gt; done: RabbitMqTestStepDefinitions.GivenARabbitMQQueueNamed("list_queue") (0.0s)&#xD;
When I publish a list message to the queue&#xD;
-&gt; done: RabbitMqTestStepDefinitions.WhenIPublishAListMessageToTheQueue() (0.0s)&#xD;
Then the list message should be consumed and validated&#xD;
[testcontainers.org 00:07:18.37] Docker container e826f7cd6d2a created&#xD;
[testcontainers.org 00:07:18.39] Start Docker container e826f7cd6d2a&#xD;
-&gt; done: RabbitMqTestStepDefinitions.ThenTheListMessageShouldBeConsumedAndValidated() (1.0s)&#xD;
[testcontainers.org 00:07:19.09] Delete Docker container 2852e4769047&#xD;
[testcontainers.org 00:07:20.62] Execute "mkdir /var/lib/mysql-files" at Docker container e826f7cd6d2a&#xD;
[testcontainers.org 00:07:20.62] Add file to tar archive: Content length: 48 byte(s), Target file: "/etc/mysql/my.cnf"&#xD;
[testcontainers.org 00:07:20.62] Copy tar archive to container: Content length: 48 byte(s), Docker container: e826f7cd6d2a&#xD;
[testcontainers.org 00:07:21.32] Wait for Docker container e826f7cd6d2a to complete readiness checks&#xD;
[testcontainers.org 00:07:21.55] Execute "mysql Customers --wait --silent --execute=SELECT 1;" at Docker container e826f7cd6d2a&#xD;
[testcontainers.org 00:07:21.74] Delete Docker container 0ff7a6524132&#xD;
[testcontainers.org 00:07:23.26] Execute "mysql Customers --wait --silent --execute=SELECT 1;" at Docker container e826f7cd6d2a&#xD;
[testcontainers.org 00:07:24.86] Execute "mysql Customers --wait --silent --execute=SELECT 1;" at Docker container e826f7cd6d2a&#xD;
[testcontainers.org 00:07:24.96] Delete Docker container f2f9bd454ae3&#xD;
[testcontainers.org 00:07:26.25] Execute "mysql Customers --wait --silent --execute=SELECT 1;" at Docker container e826f7cd6d2a</StdOut>
      </Output>
    </UnitTestResult>
    <UnitTestResult executionId="f1380823-111e-4df4-aa9a-80ead21fbcba" testId="8bef0e28-c9e7-288c-b00c-478d74fad982" testName="RabbitMQTest" computerName="PACTXVDIDEV118" duration="00:02:22.4688920" startTime="2024-08-22T13:40:09.8390342+02:00" endTime="2024-08-22T13:42:32.3084321+02:00" testType="13cdc9d9-ddb5-4fa4-a97d-d965ccfc6d4b" outcome="Passed" testListId="8c84fa94-04c1-424b-9868-57a2d4851a1d" relativeResultsDirectory="f1380823-111e-4df4-aa9a-80ead21fbcba">
      <Output>
        <StdOut>[testcontainers.org 00:07:27.84] Docker container ba22c86fd145 created&#xD;
[testcontainers.org 00:07:27.95] Start Docker container ba22c86fd145&#xD;
[testcontainers.org 00:07:29.74] Execute "mkdir /var/lib/mysql-files" at Docker container ba22c86fd145&#xD;
[testcontainers.org 00:07:29.74] Add file to tar archive: Content length: 48 byte(s), Target file: "/etc/mysql/my.cnf"&#xD;
[testcontainers.org 00:07:29.74] Copy tar archive to container: Content length: 48 byte(s), Docker container: ba22c86fd145&#xD;
[testcontainers.org 00:07:30.13] Wait for Docker container ba22c86fd145 to complete readiness checks&#xD;
[testcontainers.org 00:07:30.15] Execute "mysql Customers --wait --silent --execute=SELECT 1;" at Docker container ba22c86fd145&#xD;
[testcontainers.org 00:07:32.06] Execute "mysql Customers --wait --silent --execute=SELECT 1;" at Docker container ba22c86fd145&#xD;
[testcontainers.org 00:07:33.17] Execute "mysql Customers --wait --silent --execute=SELECT 1;" at Docker container ba22c86fd145&#xD;
[testcontainers.org 00:07:34.39] Execute "mysql Customers --wait --silent --execute=SELECT 1;" at Docker container ba22c86fd145&#xD;
[testcontainers.org 00:07:35.50] Execute "mysql Customers --wait --silent --execute=SELECT 1;" at Docker container ba22c86fd145&#xD;
[testcontainers.org 00:07:36.94] Execute "mysql Customers --wait --silent --execute=SELECT 1;" at Docker container ba22c86fd145&#xD;
[testcontainers.org 00:07:38.06] Execute "mysql Customers --wait --silent --execute=SELECT 1;" at Docker container ba22c86fd145&#xD;
[testcontainers.org 00:07:39.17] Execute "mysql Customers --wait --silent --execute=SELECT 1;" at Docker container ba22c86fd145&#xD;
[testcontainers.org 00:07:40.64] Execute "mysql Customers --wait --silent --execute=SELECT 1;" at Docker container ba22c86fd145&#xD;
[testcontainers.org 00:07:41.96] Execute "mysql Customers --wait --silent --execute=SELECT 1;" at Docker container ba22c86fd145&#xD;
[testcontainers.org 00:07:43.26] Execute "mysql Customers --wait --silent --execute=SELECT 1;" at Docker container ba22c86fd145&#xD;
[testcontainers.org 00:07:44.48] Execute "mysql Customers --wait --silent --execute=SELECT 1;" at Docker container ba22c86fd145&#xD;
[testcontainers.org 00:07:45.81] Execute "mysql Customers --wait --silent --execute=SELECT 1;" at Docker container ba22c86fd145&#xD;
[testcontainers.org 00:07:47.12] Execute "mysql Customers --wait --silent --execute=SELECT 1;" at Docker container ba22c86fd145&#xD;
[testcontainers.org 00:07:48.65] Execute "mysql Customers --wait --silent --execute=SELECT 1;" at Docker container ba22c86fd145&#xD;
[testcontainers.org 00:07:50.08] Execute "mysql Customers --wait --silent --execute=SELECT 1;" at Docker container ba22c86fd145&#xD;
[testcontainers.org 00:07:51.34] Execute "mysql Customers --wait --silent --execute=SELECT 1;" at Docker container ba22c86fd145&#xD;
[testcontainers.org 00:07:52.66] Execute "mysql Customers --wait --silent --execute=SELECT 1;" at Docker container ba22c86fd145&#xD;
[testcontainers.org 00:07:53.78] Execute "mysql Customers --wait --silent --execute=SELECT 1;" at Docker container ba22c86fd145&#xD;
[testcontainers.org 00:07:54.88] Execute "mysql Customers --wait --silent --execute=SELECT 1;" at Docker container ba22c86fd145&#xD;
[testcontainers.org 00:07:55.98] Execute "mysql Customers --wait --silent --execute=SELECT 1;" at Docker container ba22c86fd145&#xD;
[testcontainers.org 00:07:57.11] Execute "mysql Customers --wait --silent --execute=SELECT 1;" at Docker container ba22c86fd145&#xD;
[testcontainers.org 00:07:58.46] Execute "mysql Customers --wait --silent --execute=SELECT 1;" at Docker container ba22c86fd145&#xD;
[testcontainers.org 00:08:00.07] Execute "mysql Customers --wait --silent --execute=SELECT 1;" at Docker container ba22c86fd145&#xD;
[testcontainers.org 00:08:01.20] Execute "mysql Customers --wait --silent --execute=SELECT 1;" at Docker container ba22c86fd145&#xD;
[testcontainers.org 00:08:02.31] Execute "mysql Customers --wait --silent --execute=SELECT 1;" at Docker container ba22c86fd145&#xD;
[testcontainers.org 00:08:03.61] Execute "mysql Customers --wait --silent --execute=SELECT 1;" at Docker container ba22c86fd145&#xD;
[testcontainers.org 00:08:04.98] Execute "mysql Customers --wait --silent --execute=SELECT 1;" at Docker container ba22c86fd145&#xD;
[testcontainers.org 00:08:06.12] Execute "mysql Customers --wait --silent --execute=SELECT 1;" at Docker container ba22c86fd145&#xD;
[testcontainers.org 00:08:07.38] Execute "mysql Customers --wait --silent --execute=SELECT 1;" at Docker container ba22c86fd145&#xD;
[testcontainers.org 00:08:08.58] Execute "mysql Customers --wait --silent --execute=SELECT 1;" at Docker container ba22c86fd145&#xD;
[testcontainers.org 00:08:09.86] Execute "mysql Customers --wait --silent --execute=SELECT 1;" at Docker container ba22c86fd145&#xD;
[testcontainers.org 00:08:11.06] Execute "mysql Customers --wait --silent --execute=SELECT 1;" at Docker container ba22c86fd145&#xD;
[testcontainers.org 00:08:12.28] Execute "mysql Customers --wait --silent --execute=SELECT 1;" at Docker container ba22c86fd145&#xD;
[testcontainers.org 00:08:13.47] Execute "mysql Customers --wait --silent --execute=SELECT 1;" at Docker container ba22c86fd145&#xD;
[testcontainers.org 00:08:14.57] Execute "mysql Customers --wait --silent --execute=SELECT 1;" at Docker container ba22c86fd145&#xD;
[testcontainers.org 00:08:15.91] Execute "mysql Customers --wait --silent --execute=SELECT 1;" at Docker container ba22c86fd145&#xD;
[testcontainers.org 00:08:17.23] Execute "mysql Customers --wait --silent --execute=SELECT 1;" at Docker container ba22c86fd145&#xD;
[testcontainers.org 00:08:18.44] Execute "mysql Customers --wait --silent --execute=SELECT 1;" at Docker container ba22c86fd145&#xD;
[testcontainers.org 00:08:20.50] Execute "mysql Customers --wait --silent --execute=SELECT 1;" at Docker container ba22c86fd145&#xD;
[testcontainers.org 00:08:22.07] Execute "mysql Customers --wait --silent --execute=SELECT 1;" at Docker container ba22c86fd145&#xD;
[testcontainers.org 00:08:23.30] Execute "mysql Customers --wait --silent --execute=SELECT 1;" at Docker container ba22c86fd145&#xD;
[testcontainers.org 00:08:24.61] Execute "mysql Customers --wait --silent --execute=SELECT 1;" at Docker container ba22c86fd145&#xD;
[testcontainers.org 00:08:26.02] Execute "mysql Customers --wait --silent --execute=SELECT 1;" at Docker container ba22c86fd145&#xD;
[testcontainers.org 00:08:27.12] Execute "mysql Customers --wait --silent --execute=SELECT 1;" at Docker container ba22c86fd145&#xD;
[testcontainers.org 00:08:28.24] Execute "mysql Customers --wait --silent --execute=SELECT 1;" at Docker container ba22c86fd145&#xD;
[testcontainers.org 00:08:29.41] Execute "mysql Customers --wait --silent --execute=SELECT 1;" at Docker container ba22c86fd145&#xD;
[testcontainers.org 00:08:30.58] Execute "mysql Customers --wait --silent --execute=SELECT 1;" at Docker container ba22c86fd145&#xD;
[testcontainers.org 00:08:31.78] Execute "mysql Customers --wait --silent --execute=SELECT 1;" at Docker container ba22c86fd145&#xD;
[testcontainers.org 00:08:32.97] Execute "mysql Customers --wait --silent --execute=SELECT 1;" at Docker container ba22c86fd145&#xD;
[testcontainers.org 00:08:34.83] Execute "mysql Customers --wait --silent --execute=SELECT 1;" at Docker container ba22c86fd145&#xD;
[testcontainers.org 00:08:34.97] Docker container ba22c86fd145 ready&#xD;
[testcontainers.org 00:08:36.63] Docker container d32da93ad8c4 created&#xD;
[testcontainers.org 00:08:36.66] Start Docker container d32da93ad8c4&#xD;
[testcontainers.org 00:08:39.66] Wait for Docker container d32da93ad8c4 to complete readiness checks&#xD;
[testcontainers.org 00:09:03.62] Docker container d32da93ad8c4 ready&#xD;
[testcontainers.org 00:09:04.10] Docker container f7add435afe7 created&#xD;
[testcontainers.org 00:09:04.12] Start Docker container f7add435afe7&#xD;
[testcontainers.org 00:09:05.73] Execute "mkdir /var/lib/mysql-files" at Docker container f7add435afe7&#xD;
[testcontainers.org 00:09:05.73] Add file to tar archive: Content length: 48 byte(s), Target file: "/etc/mysql/my.cnf"&#xD;
[testcontainers.org 00:09:05.73] Copy tar archive to container: Content length: 48 byte(s), Docker container: f7add435afe7&#xD;
[testcontainers.org 00:09:05.84] Wait for Docker container f7add435afe7 to complete readiness checks&#xD;
[testcontainers.org 00:09:05.86] Execute "mysql Customers --wait --silent --execute=SELECT 1;" at Docker container f7add435afe7&#xD;
[testcontainers.org 00:09:06.97] Execute "mysql Customers --wait --silent --execute=SELECT 1;" at Docker container f7add435afe7&#xD;
[testcontainers.org 00:09:08.11] Execute "mysql Customers --wait --silent --execute=SELECT 1;" at Docker container f7add435afe7&#xD;
[testcontainers.org 00:09:09.32] Execute "mysql Customers --wait --silent --execute=SELECT 1;" at Docker container f7add435afe7&#xD;
[testcontainers.org 00:09:10.44] Execute "mysql Customers --wait --silent --execute=SELECT 1;" at Docker container f7add435afe7&#xD;
[testcontainers.org 00:09:11.53] Execute "mysql Customers --wait --silent --execute=SELECT 1;" at Docker container f7add435afe7&#xD;
[testcontainers.org 00:09:12.63] Execute "mysql Customers --wait --silent --execute=SELECT 1;" at Docker container f7add435afe7&#xD;
[testcontainers.org 00:09:13.74] Execute "mysql Customers --wait --silent --execute=SELECT 1;" at Docker container f7add435afe7&#xD;
[testcontainers.org 00:09:14.84] Execute "mysql Customers --wait --silent --execute=SELECT 1;" at Docker container f7add435afe7&#xD;
[testcontainers.org 00:09:15.95] Execute "mysql Customers --wait --silent --execute=SELECT 1;" at Docker container f7add435afe7&#xD;
[testcontainers.org 00:09:17.08] Execute "mysql Customers --wait --silent --execute=SELECT 1;" at Docker container f7add435afe7&#xD;
[testcontainers.org 00:09:18.32] Execute "mysql Customers --wait --silent --execute=SELECT 1;" at Docker container f7add435afe7&#xD;
[testcontainers.org 00:09:19.44] Execute "mysql Customers --wait --silent --execute=SELECT 1;" at Docker container f7add435afe7&#xD;
[testcontainers.org 00:09:20.57] Execute "mysql Customers --wait --silent --execute=SELECT 1;" at Docker container f7add435afe7&#xD;
[testcontainers.org 00:09:21.68] Execute "mysql Customers --wait --silent --execute=SELECT 1;" at Docker container f7add435afe7&#xD;
[testcontainers.org 00:09:22.79] Execute "mysql Customers --wait --silent --execute=SELECT 1;" at Docker container f7add435afe7&#xD;
[testcontainers.org 00:09:23.88] Execute "mysql Customers --wait --silent --execute=SELECT 1;" at Docker container f7add435afe7&#xD;
[testcontainers.org 00:09:25.01] Execute "mysql Customers --wait --silent --execute=SELECT 1;" at Docker container f7add435afe7&#xD;
[testcontainers.org 00:09:26.11] Execute "mysql Customers --wait --silent --execute=SELECT 1;" at Docker container f7add435afe7&#xD;
[testcontainers.org 00:09:27.23] Execute "mysql Customers --wait --silent --execute=SELECT 1;" at Docker container f7add435afe7&#xD;
[testcontainers.org 00:09:28.35] Execute "mysql Customers --wait --silent --execute=SELECT 1;" at Docker container f7add435afe7&#xD;
[testcontainers.org 00:09:29.78] Execute "mysql Customers --wait --silent --execute=SELECT 1;" at Docker container f7add435afe7&#xD;
[testcontainers.org 00:09:31.35] Execute "mysql Customers --wait --silent --execute=SELECT 1;" at Docker container f7add435afe7&#xD;
[testcontainers.org 00:09:32.59] Execute "mysql Customers --wait --silent --execute=SELECT 1;" at Docker container f7add435afe7&#xD;
[testcontainers.org 00:09:33.80] Execute "mysql Customers --wait --silent --execute=SELECT 1;" at Docker container f7add435afe7&#xD;
[testcontainers.org 00:09:35.07] Execute "mysql Customers --wait --silent --execute=SELECT 1;" at Docker container f7add435afe7&#xD;
[testcontainers.org 00:09:36.18] Execute "mysql Customers --wait --silent --execute=SELECT 1;" at Docker container f7add435afe7&#xD;
[testcontainers.org 00:09:37.37] Execute "mysql Customers --wait --silent --execute=SELECT 1;" at Docker container f7add435afe7&#xD;
[testcontainers.org 00:09:38.49] Execute "mysql Customers --wait --silent --execute=SELECT 1;" at Docker container f7add435afe7&#xD;
[testcontainers.org 00:09:39.61] Execute "mysql Customers --wait --silent --execute=SELECT 1;" at Docker container f7add435afe7&#xD;
[testcontainers.org 00:09:40.73] Execute "mysql Customers --wait --silent --execute=SELECT 1;" at Docker container f7add435afe7&#xD;
[testcontainers.org 00:09:41.87] Execute "mysql Customers --wait --silent --execute=SELECT 1;" at Docker container f7add435afe7&#xD;
[testcontainers.org 00:09:42.14] Docker container f7add435afe7 ready&#xD;
Given a RabbitMQ queue named test_queue&#xD;
-&gt; done: RabbitMqTestStepDefinitions.GivenARabbitMQQueueNamed("test_queue") (0.0s)&#xD;
When a message Hello RabbitMQ! is published to the queue&#xD;
-&gt; done: RabbitMqTestStepDefinitions.WhenAMessageIsPublishedToTheQueue("Hello RabbitMQ!") (0.0s)&#xD;
Then the message should be consumed from the queue&#xD;
[testcontainers.org 00:09:42.70] Docker container 44376d689a81 created&#xD;
[testcontainers.org 00:09:42.74] Start Docker container 44376d689a81&#xD;
-&gt; done: RabbitMqTestStepDefinitions.ThenTheMessageShouldBeConsumedFromTheQueue() (1.0s)&#xD;
[testcontainers.org 00:09:43.42] Delete Docker container ba22c86fd145&#xD;
[testcontainers.org 00:09:44.83] Delete Docker container d32da93ad8c4&#xD;
[testcontainers.org 00:09:45.02] Execute "mkdir /var/lib/mysql-files" at Docker container 44376d689a81&#xD;
[testcontainers.org 00:09:45.02] Add file to tar archive: Content length: 48 byte(s), Target file: "/etc/mysql/my.cnf"&#xD;
[testcontainers.org 00:09:45.02] Copy tar archive to container: Content length: 48 byte(s), Docker container: 44376d689a81&#xD;
[testcontainers.org 00:09:45.79] Wait for Docker container 44376d689a81 to complete readiness checks&#xD;
[testcontainers.org 00:09:45.82] Execute "mysql Customers --wait --silent --execute=SELECT 1;" at Docker container 44376d689a81&#xD;
[testcontainers.org 00:09:47.41] Execute "mysql Customers --wait --silent --execute=SELECT 1;" at Docker container 44376d689a81&#xD;
[testcontainers.org 00:09:47.42] Delete Docker container f7add435afe7&#xD;
[testcontainers.org 00:09:48.75] Execute "mysql Customers --wait --silent --execute=SELECT 1;" at Docker container 44376d689a81</StdOut>
      </Output>
    </UnitTestResult>
    <UnitTestResult executionId="ff7a9a77-4f24-408d-b438-0847e1ba5d1e" testId="c8b6bd16-815c-b820-3fa7-8f7caf5ac9ce" testName="SimpleMessage" computerName="PACTXVDIDEV118" duration="00:01:54.7643360" startTime="2024-08-22T13:32:43.0024161+02:00" endTime="2024-08-22T13:34:37.7670110+02:00" testType="13cdc9d9-ddb5-4fa4-a97d-d965ccfc6d4b" outcome="Passed" testListId="8c84fa94-04c1-424b-9868-57a2d4851a1d" relativeResultsDirectory="ff7a9a77-4f24-408d-b438-0847e1ba5d1e">
      <Output>
        <StdOut>[testcontainers.org 00:00:00.58] Connected to Docker:&#xD;
  Host: npipe://./pipe/docker_engine&#xD;
  Server Version: 27.1.1&#xD;
  Kernel Version: 5.15.153.1-microsoft-standard-WSL2&#xD;
  API Version: 1.46&#xD;
  Operating System: Docker Desktop&#xD;
  Total Memory: 9.71 GB&#xD;
[testcontainers.org 00:00:01.10] Docker container 7da95ded2046 created&#xD;
[testcontainers.org 00:00:01.17] Start Docker container 7da95ded2046&#xD;
[testcontainers.org 00:00:03.87] Wait for Docker container 7da95ded2046 to complete readiness checks&#xD;
[testcontainers.org 00:00:03.96] Docker container 7da95ded2046 ready&#xD;
[testcontainers.org 00:00:06.27] Docker container d947a0a01725 created&#xD;
[testcontainers.org 00:00:06.30] Start Docker container d947a0a01725&#xD;
[testcontainers.org 00:00:07.86] Execute "mkdir /var/lib/mysql-files" at Docker container d947a0a01725&#xD;
[testcontainers.org 00:00:07.88] Add file to tar archive: Content length: 48 byte(s), Target file: "/etc/mysql/my.cnf"&#xD;
[testcontainers.org 00:00:07.89] Copy tar archive to container: Content length: 48 byte(s), Docker container: d947a0a01725&#xD;
[testcontainers.org 00:00:07.96] Wait for Docker container d947a0a01725 to complete readiness checks&#xD;
[testcontainers.org 00:00:07.98] Execute "mysql Customers --wait --silent --execute=SELECT 1;" at Docker container d947a0a01725&#xD;
[testcontainers.org 00:00:09.13] Execute "mysql Customers --wait --silent --execute=SELECT 1;" at Docker container d947a0a01725&#xD;
[testcontainers.org 00:00:10.24] Execute "mysql Customers --wait --silent --execute=SELECT 1;" at Docker container d947a0a01725&#xD;
[testcontainers.org 00:00:11.34] Execute "mysql Customers --wait --silent --execute=SELECT 1;" at Docker container d947a0a01725&#xD;
[testcontainers.org 00:00:12.54] Execute "mysql Customers --wait --silent --execute=SELECT 1;" at Docker container d947a0a01725&#xD;
[testcontainers.org 00:00:13.63] Execute "mysql Customers --wait --silent --execute=SELECT 1;" at Docker container d947a0a01725&#xD;
[testcontainers.org 00:00:14.78] Execute "mysql Customers --wait --silent --execute=SELECT 1;" at Docker container d947a0a01725&#xD;
[testcontainers.org 00:00:15.99] Execute "mysql Customers --wait --silent --execute=SELECT 1;" at Docker container d947a0a01725&#xD;
[testcontainers.org 00:00:17.11] Execute "mysql Customers --wait --silent --execute=SELECT 1;" at Docker container d947a0a01725&#xD;
[testcontainers.org 00:00:18.68] Execute "mysql Customers --wait --silent --execute=SELECT 1;" at Docker container d947a0a01725&#xD;
[testcontainers.org 00:00:19.81] Execute "mysql Customers --wait --silent --execute=SELECT 1;" at Docker container d947a0a01725&#xD;
[testcontainers.org 00:00:20.91] Execute "mysql Customers --wait --silent --execute=SELECT 1;" at Docker container d947a0a01725&#xD;
[testcontainers.org 00:00:22.05] Execute "mysql Customers --wait --silent --execute=SELECT 1;" at Docker container d947a0a01725&#xD;
[testcontainers.org 00:00:23.26] Execute "mysql Customers --wait --silent --execute=SELECT 1;" at Docker container d947a0a01725&#xD;
[testcontainers.org 00:00:24.37] Execute "mysql Customers --wait --silent --execute=SELECT 1;" at Docker container d947a0a01725&#xD;
[testcontainers.org 00:00:25.48] Execute "mysql Customers --wait --silent --execute=SELECT 1;" at Docker container d947a0a01725&#xD;
[testcontainers.org 00:00:26.60] Execute "mysql Customers --wait --silent --execute=SELECT 1;" at Docker container d947a0a01725&#xD;
[testcontainers.org 00:00:27.69] Execute "mysql Customers --wait --silent --execute=SELECT 1;" at Docker container d947a0a01725&#xD;
[testcontainers.org 00:00:28.83] Execute "mysql Customers --wait --silent --execute=SELECT 1;" at Docker container d947a0a01725&#xD;
[testcontainers.org 00:00:30.03] Execute "mysql Customers --wait --silent --execute=SELECT 1;" at Docker container d947a0a01725&#xD;
[testcontainers.org 00:00:31.14] Execute "mysql Customers --wait --silent --execute=SELECT 1;" at Docker container d947a0a01725&#xD;
[testcontainers.org 00:00:32.24] Execute "mysql Customers --wait --silent --execute=SELECT 1;" at Docker container d947a0a01725&#xD;
[testcontainers.org 00:00:33.36] Execute "mysql Customers --wait --silent --execute=SELECT 1;" at Docker container d947a0a01725&#xD;
[testcontainers.org 00:00:34.52] Execute "mysql Customers --wait --silent --execute=SELECT 1;" at Docker container d947a0a01725&#xD;
[testcontainers.org 00:00:36.26] Execute "mysql Customers --wait --silent --execute=SELECT 1;" at Docker container d947a0a01725&#xD;
[testcontainers.org 00:00:37.46] Execute "mysql Customers --wait --silent --execute=SELECT 1;" at Docker container d947a0a01725&#xD;
[testcontainers.org 00:00:38.66] Execute "mysql Customers --wait --silent --execute=SELECT 1;" at Docker container d947a0a01725&#xD;
[testcontainers.org 00:00:39.87] Execute "mysql Customers --wait --silent --execute=SELECT 1;" at Docker container d947a0a01725&#xD;
[testcontainers.org 00:00:40.98] Execute "mysql Customers --wait --silent --execute=SELECT 1;" at Docker container d947a0a01725&#xD;
[testcontainers.org 00:00:42.07] Execute "mysql Customers --wait --silent --execute=SELECT 1;" at Docker container d947a0a01725&#xD;
[testcontainers.org 00:00:43.17] Execute "mysql Customers --wait --silent --execute=SELECT 1;" at Docker container d947a0a01725&#xD;
[testcontainers.org 00:00:44.27] Execute "mysql Customers --wait --silent --execute=SELECT 1;" at Docker container d947a0a01725&#xD;
[testcontainers.org 00:00:45.39] Execute "mysql Customers --wait --silent --execute=SELECT 1;" at Docker container d947a0a01725&#xD;
[testcontainers.org 00:00:45.52] Docker container d947a0a01725 ready&#xD;
[testcontainers.org 00:00:46.25] Docker container 6730f29fcbb2 created&#xD;
[testcontainers.org 00:00:46.28] Start Docker container 6730f29fcbb2&#xD;
[testcontainers.org 00:00:47.91] Wait for Docker container 6730f29fcbb2 to complete readiness checks&#xD;
[testcontainers.org 00:01:11.70] Docker container 6730f29fcbb2 ready&#xD;
[testcontainers.org 00:01:12.21] Docker container e2551fb8eb90 created&#xD;
[testcontainers.org 00:01:12.24] Start Docker container e2551fb8eb90&#xD;
[testcontainers.org 00:01:14.00] Execute "mkdir /var/lib/mysql-files" at Docker container e2551fb8eb90&#xD;
[testcontainers.org 00:01:14.00] Add file to tar archive: Content length: 48 byte(s), Target file: "/etc/mysql/my.cnf"&#xD;
[testcontainers.org 00:01:14.00] Copy tar archive to container: Content length: 48 byte(s), Docker container: e2551fb8eb90&#xD;
[testcontainers.org 00:01:14.10] Wait for Docker container e2551fb8eb90 to complete readiness checks&#xD;
[testcontainers.org 00:01:14.11] Execute "mysql Customers --wait --silent --execute=SELECT 1;" at Docker container e2551fb8eb90&#xD;
[testcontainers.org 00:01:15.21] Execute "mysql Customers --wait --silent --execute=SELECT 1;" at Docker container e2551fb8eb90&#xD;
[testcontainers.org 00:01:16.33] Execute "mysql Customers --wait --silent --execute=SELECT 1;" at Docker container e2551fb8eb90&#xD;
[testcontainers.org 00:01:17.44] Execute "mysql Customers --wait --silent --execute=SELECT 1;" at Docker container e2551fb8eb90&#xD;
[testcontainers.org 00:01:18.56] Execute "mysql Customers --wait --silent --execute=SELECT 1;" at Docker container e2551fb8eb90&#xD;
[testcontainers.org 00:01:19.66] Execute "mysql Customers --wait --silent --execute=SELECT 1;" at Docker container e2551fb8eb90&#xD;
[testcontainers.org 00:01:20.76] Execute "mysql Customers --wait --silent --execute=SELECT 1;" at Docker container e2551fb8eb90&#xD;
[testcontainers.org 00:01:21.86] Execute "mysql Customers --wait --silent --execute=SELECT 1;" at Docker container e2551fb8eb90&#xD;
[testcontainers.org 00:01:22.96] Execute "mysql Customers --wait --silent --execute=SELECT 1;" at Docker container e2551fb8eb90&#xD;
[testcontainers.org 00:01:24.12] Execute "mysql Customers --wait --silent --execute=SELECT 1;" at Docker container e2551fb8eb90&#xD;
[testcontainers.org 00:01:25.36] Execute "mysql Customers --wait --silent --execute=SELECT 1;" at Docker container e2551fb8eb90&#xD;
[testcontainers.org 00:01:26.49] Execute "mysql Customers --wait --silent --execute=SELECT 1;" at Docker container e2551fb8eb90&#xD;
[testcontainers.org 00:01:27.61] Execute "mysql Customers --wait --silent --execute=SELECT 1;" at Docker container e2551fb8eb90&#xD;
[testcontainers.org 00:01:28.73] Execute "mysql Customers --wait --silent --execute=SELECT 1;" at Docker container e2551fb8eb90&#xD;
[testcontainers.org 00:01:29.83] Execute "mysql Customers --wait --silent --execute=SELECT 1;" at Docker container e2551fb8eb90&#xD;
[testcontainers.org 00:01:30.94] Execute "mysql Customers --wait --silent --execute=SELECT 1;" at Docker container e2551fb8eb90&#xD;
[testcontainers.org 00:01:32.04] Execute "mysql Customers --wait --silent --execute=SELECT 1;" at Docker container e2551fb8eb90&#xD;
[testcontainers.org 00:01:33.14] Execute "mysql Customers --wait --silent --execute=SELECT 1;" at Docker container e2551fb8eb90&#xD;
[testcontainers.org 00:01:34.24] Execute "mysql Customers --wait --silent --execute=SELECT 1;" at Docker container e2551fb8eb90&#xD;
[testcontainers.org 00:01:35.34] Execute "mysql Customers --wait --silent --execute=SELECT 1;" at Docker container e2551fb8eb90&#xD;
[testcontainers.org 00:01:36.47] Execute "mysql Customers --wait --silent --execute=SELECT 1;" at Docker container e2551fb8eb90&#xD;
[testcontainers.org 00:01:37.62] Execute "mysql Customers --wait --silent --execute=SELECT 1;" at Docker container e2551fb8eb90&#xD;
[testcontainers.org 00:01:38.74] Execute "mysql Customers --wait --silent --execute=SELECT 1;" at Docker container e2551fb8eb90&#xD;
[testcontainers.org 00:01:40.09] Execute "mysql Customers --wait --silent --execute=SELECT 1;" at Docker container e2551fb8eb90&#xD;
[testcontainers.org 00:01:41.29] Execute "mysql Customers --wait --silent --execute=SELECT 1;" at Docker container e2551fb8eb90&#xD;
[testcontainers.org 00:01:42.49] Execute "mysql Customers --wait --silent --execute=SELECT 1;" at Docker container e2551fb8eb90&#xD;
[testcontainers.org 00:01:43.59] Execute "mysql Customers --wait --silent --execute=SELECT 1;" at Docker container e2551fb8eb90&#xD;
[testcontainers.org 00:01:44.71] Execute "mysql Customers --wait --silent --execute=SELECT 1;" at Docker container e2551fb8eb90&#xD;
[testcontainers.org 00:01:45.83] Execute "mysql Customers --wait --silent --execute=SELECT 1;" at Docker container e2551fb8eb90&#xD;
[testcontainers.org 00:01:46.94] Execute "mysql Customers --wait --silent --execute=SELECT 1;" at Docker container e2551fb8eb90&#xD;
[testcontainers.org 00:01:48.04] Execute "mysql Customers --wait --silent --execute=SELECT 1;" at Docker container e2551fb8eb90&#xD;
[testcontainers.org 00:01:48.20] Docker container e2551fb8eb90 ready&#xD;
Given a RabbitMQ queue named simple_queue&#xD;
-&gt; done: RabbitMqTestStepDefinitions.GivenARabbitMQQueueNamed("simple_queue") (0.0s)&#xD;
When I publish a simple message to the queue&#xD;
-&gt; done: RabbitMqTestStepDefinitions.WhenIPublishASimpleMessageToTheQueue() (0.0s)&#xD;
Then the message should be consumed and validated&#xD;
[testcontainers.org 00:01:48.96] Docker container 495ca7c93877 created&#xD;
[testcontainers.org 00:01:48.99] Start Docker container 495ca7c93877&#xD;
-&gt; done: RabbitMqTestStepDefinitions.ThenTheMessageShouldBeConsumedAndValidated() (1.0s)&#xD;
[testcontainers.org 00:01:49.72] Delete Docker container d947a0a01725&#xD;
[testcontainers.org 00:01:50.66] Execute "mkdir /var/lib/mysql-files" at Docker container 495ca7c93877&#xD;
[testcontainers.org 00:01:50.66] Add file to tar archive: Content length: 48 byte(s), Target file: "/etc/mysql/my.cnf"&#xD;
[testcontainers.org 00:01:50.66] Copy tar archive to container: Content length: 48 byte(s), Docker container: 495ca7c93877&#xD;
[testcontainers.org 00:01:50.96] Wait for Docker container 495ca7c93877 to complete readiness checks&#xD;
[testcontainers.org 00:01:50.97] Execute "mysql Customers --wait --silent --execute=SELECT 1;" at Docker container 495ca7c93877&#xD;
[testcontainers.org 00:01:51.45] Delete Docker container 6730f29fcbb2&#xD;
[testcontainers.org 00:01:52.46] Execute "mysql Customers --wait --silent --execute=SELECT 1;" at Docker container 495ca7c93877&#xD;
[testcontainers.org 00:01:53.15] Delete Docker container e2551fb8eb90&#xD;
[testcontainers.org 00:01:53.86] Execute "mysql Customers --wait --silent --execute=SELECT 1;" at Docker container 495ca7c93877</StdOut>
      </Output>
    </UnitTestResult>
  </Results>
  <TestDefinitions>
    <UnitTest name="MultipleFieldsMessage" storage="c:\users\n.aglione\source\repos\playwrighttest\bin\debug\net8.0\playwrighttest.dll" id="daa338c2-f925-08ec-a49d-a8c592143df1">
      <Execution id="c678bd4f-6e64-47c9-96c1-3b0da77e728b" />
      <TestMethod codeBase="C:\Users\n.aglione\source\repos\PlaywrightTest\bin\Debug\net8.0\PlaywrightTest.dll" adapterTypeName="executor://nunit3testexecutor/" className="PlaywrightTest.Features.RabbitMqTestBFeature" name="MultipleFieldsMessage" />
    </UnitTest>
    <UnitTest name="SimpleMessage" storage="c:\users\n.aglione\source\repos\playwrighttest\bin\debug\net8.0\playwrighttest.dll" id="c8b6bd16-815c-b820-3fa7-8f7caf5ac9ce">
      <Execution id="ff7a9a77-4f24-408d-b438-0847e1ba5d1e" />
      <TestMethod codeBase="C:\Users\n.aglione\source\repos\PlaywrightTest\bin\Debug\net8.0\PlaywrightTest.dll" adapterTypeName="executor://nunit3testexecutor/" className="PlaywrightTest.Features.RabbitMqTestAFeature" name="SimpleMessage" />
    </UnitTest>
    <UnitTest name="RabbitMQTest" storage="c:\users\n.aglione\source\repos\playwrighttest\bin\debug\net8.0\playwrighttest.dll" id="8bef0e28-c9e7-288c-b00c-478d74fad982">
      <Execution id="f1380823-111e-4df4-aa9a-80ead21fbcba" />
      <TestMethod codeBase="C:\Users\n.aglione\source\repos\PlaywrightTest\bin\Debug\net8.0\PlaywrightTest.dll" adapterTypeName="executor://nunit3testexecutor/" className="PlaywrightTest.Features.RabbitMqTestFeature" name="RabbitMQTest" />
    </UnitTest>
    <UnitTest name="ListQueue" storage="c:\users\n.aglione\source\repos\playwrighttest\bin\debug\net8.0\playwrighttest.dll" id="542b61e8-e0e3-97b5-3749-dab70bc028a6">
      <Execution id="54c78df0-8a1a-4ee8-88ae-711a20f9b5b8" />
      <TestMethod codeBase="C:\Users\n.aglione\source\repos\PlaywrightTest\bin\Debug\net8.0\PlaywrightTest.dll" adapterTypeName="executor://nunit3testexecutor/" className="PlaywrightTest.Features.RabbitMqTestCFeature" name="ListQueue" />
    </UnitTest>
  </TestDefinitions>
  <TestEntries>
    <TestEntry testId="daa338c2-f925-08ec-a49d-a8c592143df1" executionId="c678bd4f-6e64-47c9-96c1-3b0da77e728b" testListId="8c84fa94-04c1-424b-9868-57a2d4851a1d" />
    <TestEntry testId="542b61e8-e0e3-97b5-3749-dab70bc028a6" executionId="54c78df0-8a1a-4ee8-88ae-711a20f9b5b8" testListId="8c84fa94-04c1-424b-9868-57a2d4851a1d" />
    <TestEntry testId="8bef0e28-c9e7-288c-b00c-478d74fad982" executionId="f1380823-111e-4df4-aa9a-80ead21fbcba" testListId="8c84fa94-04c1-424b-9868-57a2d4851a1d" />
    <TestEntry testId="c8b6bd16-815c-b820-3fa7-8f7caf5ac9ce" executionId="ff7a9a77-4f24-408d-b438-0847e1ba5d1e" testListId="8c84fa94-04c1-424b-9868-57a2d4851a1d" />
  </TestEntries>
  <TestLists>
    <TestList name="Results Not in a List" id="8c84fa94-04c1-424b-9868-57a2d4851a1d" />
    <TestList name="All Loaded Results" id="19431567-8539-422a-85d7-44ee4e166bda" />
  </TestLists>
  <ResultSummary outcome="Completed">
    <Counters total="4" executed="4" passed="4" failed="0" error="0" timeout="0" aborted="0" inconclusive="0" passedButRunAborted="0" notRunnable="0" notExecuted="0" disconnected="0" warning="0" completed="0" inProgress="0" pending="0" />
    <Output>
      <StdOut>NUnit Adapter 4.6.0.0: Test execution started&#xD;
Running selected tests in C:\Users\n.aglione\source\repos\PlaywrightTest\bin\Debug\net8.0\PlaywrightTest.dll&#xD;
   NUnit3TestExecutor discovered 4 of 4 NUnit test cases using Current Discovery mode, Non-Explicit run&#xD;
[testcontainers.org 00:00:00.58] Connected to Docker:&#xD;
  Host: npipe://./pipe/docker_engine&#xD;
  Server Version: 27.1.1&#xD;
  Kernel Version: 5.15.153.1-microsoft-standard-WSL2&#xD;
  API Version: 1.46&#xD;
  Operating System: Docker Desktop&#xD;
  Total Memory: 9.71 GB&#xD;
[testcontainers.org 00:00:01.10] Docker container 7da95ded2046 created&#xD;
[testcontainers.org 00:00:01.17] Start Docker container 7da95ded2046&#xD;
[testcontainers.org 00:00:03.87] Wait for Docker container 7da95ded2046 to complete readiness checks&#xD;
[testcontainers.org 00:00:03.96] Docker container 7da95ded2046 ready&#xD;
[testcontainers.org 00:00:06.27] Docker container d947a0a01725 created&#xD;
[testcontainers.org 00:00:06.30] Start Docker container d947a0a01725&#xD;
[testcontainers.org 00:00:07.86] Execute "mkdir /var/lib/mysql-files" at Docker container d947a0a01725&#xD;
[testcontainers.org 00:00:07.88] Add file to tar archive: Content length: 48 byte(s), Target file: "/etc/mysql/my.cnf"&#xD;
[testcontainers.org 00:00:07.89] Copy tar archive to container: Content length: 48 byte(s), Docker container: d947a0a01725&#xD;
[testcontainers.org 00:00:07.96] Wait for Docker container d947a0a01725 to complete readiness checks&#xD;
[testcontainers.org 00:00:07.98] Execute "mysql Customers --wait --silent --execute=SELECT 1;" at Docker container d947a0a01725&#xD;
[testcontainers.org 00:00:09.13] Execute "mysql Customers --wait --silent --execute=SELECT 1;" at Docker container d947a0a01725&#xD;
[testcontainers.org 00:00:10.24] Execute "mysql Customers --wait --silent --execute=SELECT 1;" at Docker container d947a0a01725&#xD;
[testcontainers.org 00:00:11.34] Execute "mysql Customers --wait --silent --execute=SELECT 1;" at Docker container d947a0a01725&#xD;
[testcontainers.org 00:00:12.54] Execute "mysql Customers --wait --silent --execute=SELECT 1;" at Docker container d947a0a01725&#xD;
[testcontainers.org 00:00:13.63] Execute "mysql Customers --wait --silent --execute=SELECT 1;" at Docker container d947a0a01725&#xD;
[testcontainers.org 00:00:14.78] Execute "mysql Customers --wait --silent --execute=SELECT 1;" at Docker container d947a0a01725&#xD;
[testcontainers.org 00:00:15.99] Execute "mysql Customers --wait --silent --execute=SELECT 1;" at Docker container d947a0a01725&#xD;
[testcontainers.org 00:00:17.11] Execute "mysql Customers --wait --silent --execute=SELECT 1;" at Docker container d947a0a01725&#xD;
[testcontainers.org 00:00:18.68] Execute "mysql Customers --wait --silent --execute=SELECT 1;" at Docker container d947a0a01725&#xD;
[testcontainers.org 00:00:19.81] Execute "mysql Customers --wait --silent --execute=SELECT 1;" at Docker container d947a0a01725&#xD;
[testcontainers.org 00:00:20.91] Execute "mysql Customers --wait --silent --execute=SELECT 1;" at Docker container d947a0a01725&#xD;
[testcontainers.org 00:00:22.05] Execute "mysql Customers --wait --silent --execute=SELECT 1;" at Docker container d947a0a01725&#xD;
[testcontainers.org 00:00:23.26] Execute "mysql Customers --wait --silent --execute=SELECT 1;" at Docker container d947a0a01725&#xD;
[testcontainers.org 00:00:24.37] Execute "mysql Customers --wait --silent --execute=SELECT 1;" at Docker container d947a0a01725&#xD;
[testcontainers.org 00:00:25.48] Execute "mysql Customers --wait --silent --execute=SELECT 1;" at Docker container d947a0a01725&#xD;
[testcontainers.org 00:00:26.60] Execute "mysql Customers --wait --silent --execute=SELECT 1;" at Docker container d947a0a01725&#xD;
[testcontainers.org 00:00:27.69] Execute "mysql Customers --wait --silent --execute=SELECT 1;" at Docker container d947a0a01725&#xD;
[testcontainers.org 00:00:28.83] Execute "mysql Customers --wait --silent --execute=SELECT 1;" at Docker container d947a0a01725&#xD;
[testcontainers.org 00:00:30.03] Execute "mysql Customers --wait --silent --execute=SELECT 1;" at Docker container d947a0a01725&#xD;
[testcontainers.org 00:00:31.14] Execute "mysql Customers --wait --silent --execute=SELECT 1;" at Docker container d947a0a01725&#xD;
[testcontainers.org 00:00:32.24] Execute "mysql Customers --wait --silent --execute=SELECT 1;" at Docker container d947a0a01725&#xD;
[testcontainers.org 00:00:33.36] Execute "mysql Customers --wait --silent --execute=SELECT 1;" at Docker container d947a0a01725&#xD;
[testcontainers.org 00:00:34.52] Execute "mysql Customers --wait --silent --execute=SELECT 1;" at Docker container d947a0a01725&#xD;
[testcontainers.org 00:00:36.26] Execute "mysql Customers --wait --silent --execute=SELECT 1;" at Docker container d947a0a01725&#xD;
[testcontainers.org 00:00:37.46] Execute "mysql Customers --wait --silent --execute=SELECT 1;" at Docker container d947a0a01725&#xD;
[testcontainers.org 00:00:38.66] Execute "mysql Customers --wait --silent --execute=SELECT 1;" at Docker container d947a0a01725&#xD;
[testcontainers.org 00:00:39.87] Execute "mysql Customers --wait --silent --execute=SELECT 1;" at Docker container d947a0a01725&#xD;
[testcontainers.org 00:00:40.98] Execute "mysql Customers --wait --silent --execute=SELECT 1;" at Docker container d947a0a01725&#xD;
[testcontainers.org 00:00:42.07] Execute "mysql Customers --wait --silent --execute=SELECT 1;" at Docker container d947a0a01725&#xD;
[testcontainers.org 00:00:43.17] Execute "mysql Customers --wait --silent --execute=SELECT 1;" at Docker container d947a0a01725&#xD;
[testcontainers.org 00:00:44.27] Execute "mysql Customers --wait --silent --execute=SELECT 1;" at Docker container d947a0a01725&#xD;
[testcontainers.org 00:00:45.39] Execute "mysql Customers --wait --silent --execute=SELECT 1;" at Docker container d947a0a01725&#xD;
[testcontainers.org 00:00:45.52] Docker container d947a0a01725 ready&#xD;
[testcontainers.org 00:00:46.25] Docker container 6730f29fcbb2 created&#xD;
[testcontainers.org 00:00:46.28] Start Docker container 6730f29fcbb2&#xD;
[testcontainers.org 00:00:47.91] Wait for Docker container 6730f29fcbb2 to complete readiness checks&#xD;
[testcontainers.org 00:01:11.70] Docker container 6730f29fcbb2 ready&#xD;
[testcontainers.org 00:01:12.21] Docker container e2551fb8eb90 created&#xD;
[testcontainers.org 00:01:12.24] Start Docker container e2551fb8eb90&#xD;
[testcontainers.org 00:01:14.00] Execute "mkdir /var/lib/mysql-files" at Docker container e2551fb8eb90&#xD;
[testcontainers.org 00:01:14.00] Add file to tar archive: Content length: 48 byte(s), Target file: "/etc/mysql/my.cnf"&#xD;
[testcontainers.org 00:01:14.00] Copy tar archive to container: Content length: 48 byte(s), Docker container: e2551fb8eb90&#xD;
[testcontainers.org 00:01:14.10] Wait for Docker container e2551fb8eb90 to complete readiness checks&#xD;
[testcontainers.org 00:01:14.11] Execute "mysql Customers --wait --silent --execute=SELECT 1;" at Docker container e2551fb8eb90&#xD;
[testcontainers.org 00:01:15.21] Execute "mysql Customers --wait --silent --execute=SELECT 1;" at Docker container e2551fb8eb90&#xD;
[testcontainers.org 00:01:16.33] Execute "mysql Customers --wait --silent --execute=SELECT 1;" at Docker container e2551fb8eb90&#xD;
[testcontainers.org 00:01:17.44] Execute "mysql Customers --wait --silent --execute=SELECT 1;" at Docker container e2551fb8eb90&#xD;
[testcontainers.org 00:01:18.56] Execute "mysql Customers --wait --silent --execute=SELECT 1;" at Docker container e2551fb8eb90&#xD;
[testcontainers.org 00:01:19.66] Execute "mysql Customers --wait --silent --execute=SELECT 1;" at Docker container e2551fb8eb90&#xD;
[testcontainers.org 00:01:20.76] Execute "mysql Customers --wait --silent --execute=SELECT 1;" at Docker container e2551fb8eb90&#xD;
[testcontainers.org 00:01:21.86] Execute "mysql Customers --wait --silent --execute=SELECT 1;" at Docker container e2551fb8eb90&#xD;
[testcontainers.org 00:01:22.96] Execute "mysql Customers --wait --silent --execute=SELECT 1;" at Docker container e2551fb8eb90&#xD;
[testcontainers.org 00:01:24.12] Execute "mysql Customers --wait --silent --execute=SELECT 1;" at Docker container e2551fb8eb90&#xD;
[testcontainers.org 00:01:25.36] Execute "mysql Customers --wait --silent --execute=SELECT 1;" at Docker container e2551fb8eb90&#xD;
[testcontainers.org 00:01:26.49] Execute "mysql Customers --wait --silent --execute=SELECT 1;" at Docker container e2551fb8eb90&#xD;
[testcontainers.org 00:01:27.61] Execute "mysql Customers --wait --silent --execute=SELECT 1;" at Docker container e2551fb8eb90&#xD;
[testcontainers.org 00:01:28.73] Execute "mysql Customers --wait --silent --execute=SELECT 1;" at Docker container e2551fb8eb90&#xD;
[testcontainers.org 00:01:29.83] Execute "mysql Customers --wait --silent --execute=SELECT 1;" at Docker container e2551fb8eb90&#xD;
[testcontainers.org 00:01:30.94] Execute "mysql Customers --wait --silent --execute=SELECT 1;" at Docker container e2551fb8eb90&#xD;
[testcontainers.org 00:01:32.04] Execute "mysql Customers --wait --silent --execute=SELECT 1;" at Docker container e2551fb8eb90&#xD;
[testcontainers.org 00:01:33.14] Execute "mysql Customers --wait --silent --execute=SELECT 1;" at Docker container e2551fb8eb90&#xD;
[testcontainers.org 00:01:34.24] Execute "mysql Customers --wait --silent --execute=SELECT 1;" at Docker container e2551fb8eb90&#xD;
[testcontainers.org 00:01:35.34] Execute "mysql Customers --wait --silent --execute=SELECT 1;" at Docker container e2551fb8eb90&#xD;
[testcontainers.org 00:01:36.47] Execute "mysql Customers --wait --silent --execute=SELECT 1;" at Docker container e2551fb8eb90&#xD;
[testcontainers.org 00:01:37.62] Execute "mysql Customers --wait --silent --execute=SELECT 1;" at Docker container e2551fb8eb90&#xD;
[testcontainers.org 00:01:38.74] Execute "mysql Customers --wait --silent --execute=SELECT 1;" at Docker container e2551fb8eb90&#xD;
[testcontainers.org 00:01:40.09] Execute "mysql Customers --wait --silent --execute=SELECT 1;" at Docker container e2551fb8eb90&#xD;
[testcontainers.org 00:01:41.29] Execute "mysql Customers --wait --silent --execute=SELECT 1;" at Docker container e2551fb8eb90&#xD;
[testcontainers.org 00:01:42.49] Execute "mysql Customers --wait --silent --execute=SELECT 1;" at Docker container e2551fb8eb90&#xD;
[testcontainers.org 00:01:43.59] Execute "mysql Customers --wait --silent --execute=SELECT 1;" at Docker container e2551fb8eb90&#xD;
[testcontainers.org 00:01:44.71] Execute "mysql Customers --wait --silent --execute=SELECT 1;" at Docker container e2551fb8eb90&#xD;
[testcontainers.org 00:01:45.83] Execute "mysql Customers --wait --silent --execute=SELECT 1;" at Docker container e2551fb8eb90&#xD;
[testcontainers.org 00:01:46.94] Execute "mysql Customers --wait --silent --execute=SELECT 1;" at Docker container e2551fb8eb90&#xD;
[testcontainers.org 00:01:48.04] Execute "mysql Customers --wait --silent --execute=SELECT 1;" at Docker container e2551fb8eb90&#xD;
[testcontainers.org 00:01:48.20] Docker container e2551fb8eb90 ready&#xD;
Given a RabbitMQ queue named simple_queue&#xD;
-&gt; done: RabbitMqTestStepDefinitions.GivenARabbitMQQueueNamed("simple_queue") (0.0s)&#xD;
When I publish a simple message to the queue&#xD;
-&gt; done: RabbitMqTestStepDefinitions.WhenIPublishASimpleMessageToTheQueue() (0.0s)&#xD;
Then the message should be consumed and validated&#xD;
[testcontainers.org 00:01:48.96] Docker container 495ca7c93877 created&#xD;
[testcontainers.org 00:01:48.99] Start Docker container 495ca7c93877&#xD;
-&gt; done: RabbitMqTestStepDefinitions.ThenTheMessageShouldBeConsumedAndValidated() (1.0s)&#xD;
[testcontainers.org 00:01:49.72] Delete Docker container d947a0a01725&#xD;
[testcontainers.org 00:01:50.66] Execute "mkdir /var/lib/mysql-files" at Docker container 495ca7c93877&#xD;
[testcontainers.org 00:01:50.66] Add file to tar archive: Content length: 48 byte(s), Target file: "/etc/mysql/my.cnf"&#xD;
[testcontainers.org 00:01:50.66] Copy tar archive to container: Content length: 48 byte(s), Docker container: 495ca7c93877&#xD;
[testcontainers.org 00:01:50.96] Wait for Docker container 495ca7c93877 to complete readiness checks&#xD;
[testcontainers.org 00:01:50.97] Execute "mysql Customers --wait --silent --execute=SELECT 1;" at Docker container 495ca7c93877&#xD;
[testcontainers.org 00:01:51.45] Delete Docker container 6730f29fcbb2&#xD;
[testcontainers.org 00:01:52.46] Execute "mysql Customers --wait --silent --execute=SELECT 1;" at Docker container 495ca7c93877&#xD;
[testcontainers.org 00:01:53.15] Delete Docker container e2551fb8eb90&#xD;
[testcontainers.org 00:01:53.86] Execute "mysql Customers --wait --silent --execute=SELECT 1;" at Docker container 495ca7c93877&#xD;
&#xD;
[testcontainers.org 00:01:57.20] Docker container e0ba4f89b431 created&#xD;
[testcontainers.org 00:01:57.23] Start Docker container e0ba4f89b431&#xD;
[testcontainers.org 00:02:00.46] Execute "mkdir /var/lib/mysql-files" at Docker container e0ba4f89b431&#xD;
[testcontainers.org 00:02:00.46] Add file to tar archive: Content length: 48 byte(s), Target file: "/etc/mysql/my.cnf"&#xD;
[testcontainers.org 00:02:00.46] Copy tar archive to container: Content length: 48 byte(s), Docker container: e0ba4f89b431&#xD;
[testcontainers.org 00:02:00.89] Wait for Docker container e0ba4f89b431 to complete readiness checks&#xD;
[testcontainers.org 00:02:00.91] Execute "mysql Customers --wait --silent --execute=SELECT 1;" at Docker container e0ba4f89b431&#xD;
[testcontainers.org 00:02:02.03] Execute "mysql Customers --wait --silent --execute=SELECT 1;" at Docker container e0ba4f89b431&#xD;
[testcontainers.org 00:02:03.23] Execute "mysql Customers --wait --silent --execute=SELECT 1;" at Docker container e0ba4f89b431&#xD;
[testcontainers.org 00:02:04.44] Execute "mysql Customers --wait --silent --execute=SELECT 1;" at Docker container e0ba4f89b431&#xD;
[testcontainers.org 00:02:05.55] Execute "mysql Customers --wait --silent --execute=SELECT 1;" at Docker container e0ba4f89b431&#xD;
[testcontainers.org 00:02:06.66] Execute "mysql Customers --wait --silent --execute=SELECT 1;" at Docker container e0ba4f89b431&#xD;
[testcontainers.org 00:02:07.78] Execute "mysql Customers --wait --silent --execute=SELECT 1;" at Docker container e0ba4f89b431&#xD;
[testcontainers.org 00:02:09.04] Execute "mysql Customers --wait --silent --execute=SELECT 1;" at Docker container e0ba4f89b431&#xD;
[testcontainers.org 00:02:10.26] Execute "mysql Customers --wait --silent --execute=SELECT 1;" at Docker container e0ba4f89b431&#xD;
[...]
[testcontainers.org 00:06:48.91] Execute "mysql Customers --wait --silent --execute=SELECT 1;" at Docker container f2f9bd454ae3&#xD;
[testcontainers.org 00:06:50.02] Execute "mysql Customers --wait --silent --execute=SELECT 1;" at Docker container f2f9bd454ae3&#xD;
[testcontainers.org 00:06:51.12] Execute "mysql Customers --wait --silent --execute=SELECT 1;" at Docker container f2f9bd454ae3&#xD;
[testcontainers.org 00:06:52.33] Execute "mysql Customers --wait --silent --execute=SELECT 1;" at Docker container f2f9bd454ae3&#xD;
[testcontainers.org 00:06:53.45] Execute "mysql Customers --wait --silent --execute=SELECT 1;" at Docker container f2f9bd454ae3&#xD;
[testcontainers.org 00:06:54.57] Execute "mysql Customers --wait --silent --execute=SELECT 1;" at Docker container f2f9bd454ae3&#xD;
[testcontainers.org 00:06:55.68] Execute "mysql Customers --wait --silent --execute=SELECT 1;" at Docker container f2f9bd454ae3&#xD;
[testcontainers.org 00:06:56.78] Execute "mysql Customers --wait --silent --execute=SELECT 1;" at Docker container f2f9bd454ae3&#xD;
[testcontainers.org 00:06:57.89] Execute "mysql Customers --wait --silent --execute=SELECT 1;" at Docker container f2f9bd454ae3&#xD;
[testcontainers.org 00:06:59.00] Execute "mysql Customers --wait --silent --execute=SELECT 1;" at Docker container f2f9bd454ae3&#xD;
[testcontainers.org 00:07:00.12] Execute "mysql Customers --wait --silent --execute=SELECT 1;" at Docker container f2f9bd454ae3&#xD;
[testcontainers.org 00:07:01.23] Execute "mysql Customers --wait --silent --execute=SELECT 1;" at Docker container f2f9bd454ae3&#xD;
[testcontainers.org 00:07:02.33] Execute "mysql Customers --wait --silent --execute=SELECT 1;" at Docker container f2f9bd454ae3&#xD;
[testcontainers.org 00:07:03.47] Execute "mysql Customers --wait --silent --execute=SELECT 1;" at Docker container f2f9bd454ae3&#xD;
[testcontainers.org 00:07:04.65] Execute "mysql Customers --wait --silent --execute=SELECT 1;" at Docker container f2f9bd454ae3&#xD;
[testcontainers.org 00:07:05.77] Execute "mysql Customers --wait --silent --execute=SELECT 1;" at Docker container f2f9bd454ae3&#xD;
[testcontainers.org 00:07:06.87] Execute "mysql Customers --wait --silent --execute=SELECT 1;" at Docker container f2f9bd454ae3&#xD;
[testcontainers.org 00:07:08.08] Execute "mysql Customers --wait --silent --execute=SELECT 1;" at Docker container f2f9bd454ae3&#xD;
[testcontainers.org 00:07:09.26] Execute "mysql Customers --wait --silent --execute=SELECT 1;" at Docker container f2f9bd454ae3&#xD;
[testcontainers.org 00:07:10.66] Execute "mysql Customers --wait --silent --execute=SELECT 1;" at Docker container f2f9bd454ae3&#xD;
[testcontainers.org 00:07:11.79] Execute "mysql Customers --wait --silent --execute=SELECT 1;" at Docker container f2f9bd454ae3&#xD;
[testcontainers.org 00:07:13.07] Execute "mysql Customers --wait --silent --execute=SELECT 1;" at Docker container f2f9bd454ae3&#xD;
[testcontainers.org 00:07:14.31] Execute "mysql Customers --wait --silent --execute=SELECT 1;" at Docker container f2f9bd454ae3&#xD;
[testcontainers.org 00:07:15.42] Execute "mysql Customers --wait --silent --execute=SELECT 1;" at Docker container f2f9bd454ae3&#xD;
[testcontainers.org 00:07:16.55] Execute "mysql Customers --wait --silent --execute=SELECT 1;" at Docker container f2f9bd454ae3&#xD;
[testcontainers.org 00:07:17.65] Execute "mysql Customers --wait --silent --execute=SELECT 1;" at Docker container f2f9bd454ae3&#xD;
[testcontainers.org 00:07:17.79] Docker container f2f9bd454ae3 ready&#xD;
Given a RabbitMQ queue named list_queue&#xD;
-&gt; done: RabbitMqTestStepDefinitions.GivenARabbitMQQueueNamed("list_queue") (0.0s)&#xD;
When I publish a list message to the queue&#xD;
-&gt; done: RabbitMqTestStepDefinitions.WhenIPublishAListMessageToTheQueue() (0.0s)&#xD;
Then the list message should be consumed and validated&#xD;
[testcontainers.org 00:07:18.37] Docker container e826f7cd6d2a created&#xD;
[testcontainers.org 00:07:18.39] Start Docker container e826f7cd6d2a&#xD;
-&gt; done: RabbitMqTestStepDefinitions.ThenTheListMessageShouldBeConsumedAndValidated() (1.0s)&#xD;
[testcontainers.org 00:07:19.09] Delete Docker container 2852e4769047&#xD;
[testcontainers.org 00:07:20.62] Execute "mkdir /var/lib/mysql-files" at Docker container e826f7cd6d2a&#xD;
[testcontainers.org 00:07:20.62] Add file to tar archive: Content length: 48 byte(s), Target file: "/etc/mysql/my.cnf"&#xD;
[testcontainers.org 00:07:20.62] Copy tar archive to container: Content length: 48 byte(s), Docker container: e826f7cd6d2a&#xD;
[testcontainers.org 00:07:21.32] Wait for Docker container e826f7cd6d2a to complete readiness checks&#xD;
[testcontainers.org 00:07:21.55] Execute "mysql Customers --wait --silent --execute=SELECT 1;" at Docker container e826f7cd6d2a&#xD;
[testcontainers.org 00:07:21.74] Delete Docker container 0ff7a6524132&#xD;
[testcontainers.org 00:07:23.26] Execute "mysql Customers --wait --silent --execute=SELECT 1;" at Docker container e826f7cd6d2a&#xD;
[testcontainers.org 00:07:24.86] Execute "mysql Customers --wait --silent --execute=SELECT 1;" at Docker container e826f7cd6d2a&#xD;
[testcontainers.org 00:07:24.96] Delete Docker container f2f9bd454ae3&#xD;
[testcontainers.org 00:07:26.25] Execute "mysql Customers --wait --silent --execute=SELECT 1;" at Docker container e826f7cd6d2a&#xD;
&#xD;
[testcontainers.org 00:07:27.84] Docker container ba22c86fd145 created&#xD;
[testcontainers.org 00:07:27.95] Start Docker container ba22c86fd145&#xD;
[testcontainers.org 00:07:29.74] Execute "mkdir /var/lib/mysql-files" at Docker container ba22c86fd145&#xD;
[testcontainers.org 00:07:29.74] Add file to tar archive: Content length: 48 byte(s), Target file: "/etc/mysql/my.cnf"&#xD;
[testcontainers.org 00:07:29.74] Copy tar archive to container: Content length: 48 byte(s), Docker container: ba22c86fd145&#xD;
[testcontainers.org 00:07:30.13] Wait for Docker container ba22c86fd145 to complete readiness checks&#xD;
[testcontainers.org 00:07:30.15] Execute "mysql Customers --wait --silent --execute=SELECT 1;" at Docker container ba22c86fd145&#xD;
[testcontainers.org 00:07:32.06] Execute "mysql Customers --wait --silent --execute=SELECT 1;" at Docker container ba22c86fd145&#xD;
[testcontainers.org 00:07:33.17] Execute "mysql Customers --wait --silent --execute=SELECT 1;" at Docker container ba22c86fd145&#xD;
[testcontainers.org 00:07:34.39] Execute "mysql Customers --wait --silent --execute=SELECT 1;" at Docker container ba22c86fd145&#xD;
[testcontainers.org 00:07:35.50] Execute "mysql Customers --wait --silent --execute=SELECT 1;" at Docker container ba22c86fd145&#xD;
[testcontainers.org 00:07:36.94] Execute "mysql Customers --wait --silent --execute=SELECT 1;" at Docker container ba22c86fd145&#xD;
[testcontainers.org 00:07:38.06] Execute "mysql Customers --wait --silent --execute=SELECT 1;" at Docker container ba22c86fd145&#xD;
[testcontainers.org 00:07:39.17] Execute "mysql Customers --wait --silent --execute=SELECT 1;" at Docker container ba22c86fd145&#xD;
[testcontainers.org 00:07:40.64] Execute "mysql Customers --wait --silent --execute=SELECT 1;" at Docker container ba22c86fd145&#xD;
[testcontainers.org 00:07:41.96] Execute "mysql Customers --wait --silent --execute=SELECT 1;" at Docker container ba22c86fd145&#xD;
[testcontainers.org 00:07:43.26] Execute "mysql Customers --wait --silent --execute=SELECT 1;" at Docker container ba22c86fd145&#xD;
[testcontainers.org 00:07:44.48] Execute "mysql Customers --wait --silent --execute=SELECT 1;" at Docker container ba22c86fd145&#xD;
[testcontainers.org 00:07:45.81] Execute "mysql Customers --wait --silent --execute=SELECT 1;" at Docker container ba22c86fd145&#xD;
[testcontainers.org 00:07:47.12] Execute "mysql Customers --wait --silent --execute=SELECT 1;" at Docker container ba22c86fd145&#xD;
[testcontainers.org 00:07:48.65] Execute "mysql Customers --wait --silent --execute=SELECT 1;" at Docker container ba22c86fd145&#xD;
[testcontainers.org 00:07:50.08] Execute "mysql Customers --wait --silent --execute=SELECT 1;" at Docker container ba22c86fd145&#xD;
[testcontainers.org 00:07:51.34] Execute "mysql Customers --wait --silent --execute=SELECT 1;" at Docker container ba22c86fd145&#xD;
[testcontainers.org 00:07:52.66] Execute "mysql Customers --wait --silent --execute=SELECT 1;" at Docker container ba22c86fd145&#xD;
[testcontainers.org 00:07:53.78] Execute "mysql Customers --wait --silent --execute=SELECT 1;" at Docker container ba22c86fd145&#xD;
[testcontainers.org 00:07:54.88] Execute "mysql Customers --wait --silent --execute=SELECT 1;" at Docker container ba22c86fd145&#xD;
[testcontainers.org 00:07:55.98] Execute "mysql Customers --wait --silent --execute=SELECT 1;" at Docker container ba22c86fd145&#xD;
[testcontainers.org 00:07:57.11] Execute "mysql Customers --wait --silent --execute=SELECT 1;" at Docker container ba22c86fd145&#xD;
[testcontainers.org 00:07:58.46] Execute "mysql Customers --wait --silent --execute=SELECT 1;" at Docker container ba22c86fd145&#xD;
[testcontainers.org 00:08:00.07] Execute "mysql Customers --wait --silent --execute=SELECT 1;" at Docker container ba22c86fd145&#xD;
[testcontainers.org 00:08:01.20] Execute "mysql Customers --wait --silent --execute=SELECT 1;" at Docker container ba22c86fd145&#xD;
[testcontainers.org 00:08:02.31] Execute "mysql Customers --wait --silent --execute=SELECT 1;" at Docker container ba22c86fd145&#xD;
[testcontainers.org 00:08:03.61] Execute "mysql Customers --wait --silent --execute=SELECT 1;" at Docker container ba22c86fd145&#xD;
[testcontainers.org 00:08:04.98] Execute "mysql Customers --wait --silent --execute=SELECT 1;" at Docker container ba22c86fd145&#xD;
[testcontainers.org 00:08:06.12] Execute "mysql Customers --wait --silent --execute=SELECT 1;" at Docker container ba22c86fd145&#xD;
[testcontainers.org 00:08:07.38] Execute "mysql Customers --wait --silent --execute=SELECT 1;" at Docker container ba22c86fd145&#xD;
[testcontainers.org 00:08:08.58] Execute "mysql Customers --wait --silent --execute=SELECT 1;" at Docker container ba22c86fd145&#xD;
[testcontainers.org 00:08:09.86] Execute "mysql Customers --wait --silent --execute=SELECT 1;" at Docker container ba22c86fd145&#xD;
[testcontainers.org 00:08:11.06] Execute "mysql Customers --wait --silent --execute=SELECT 1;" at Docker container ba22c86fd145&#xD;
[testcontainers.org 00:08:12.28] Execute "mysql Customers --wait --silent --execute=SELECT 1;" at Docker container ba22c86fd145&#xD;
[testcontainers.org 00:08:13.47] Execute "mysql Customers --wait --silent --execute=SELECT 1;" at Docker container ba22c86fd145&#xD;
[testcontainers.org 00:08:14.57] Execute "mysql Customers --wait --silent --execute=SELECT 1;" at Docker container ba22c86fd145&#xD;
[testcontainers.org 00:08:15.91] Execute "mysql Customers --wait --silent --execute=SELECT 1;" at Docker container ba22c86fd145&#xD;
[testcontainers.org 00:08:17.23] Execute "mysql Customers --wait --silent --execute=SELECT 1;" at Docker container ba22c86fd145&#xD;
[testcontainers.org 00:08:18.44] Execute "mysql Customers --wait --silent --execute=SELECT 1;" at Docker container ba22c86fd145&#xD;
[testcontainers.org 00:08:20.50] Execute "mysql Customers --wait --silent --execute=SELECT 1;" at Docker container ba22c86fd145&#xD;
[testcontainers.org 00:08:22.07] Execute "mysql Customers --wait --silent --execute=SELECT 1;" at Docker container ba22c86fd145&#xD;
[testcontainers.org 00:08:23.30] Execute "mysql Customers --wait --silent --execute=SELECT 1;" at Docker container ba22c86fd145&#xD;
[testcontainers.org 00:08:24.61] Execute "mysql Customers --wait --silent --execute=SELECT 1;" at Docker container ba22c86fd145&#xD;
[testcontainers.org 00:08:26.02] Execute "mysql Customers --wait --silent --execute=SELECT 1;" at Docker container ba22c86fd145&#xD;
[testcontainers.org 00:08:27.12] Execute "mysql Customers --wait --silent --execute=SELECT 1;" at Docker container ba22c86fd145&#xD;
[testcontainers.org 00:08:28.24] Execute "mysql Customers --wait --silent --execute=SELECT 1;" at Docker container ba22c86fd145&#xD;
[testcontainers.org 00:08:29.41] Execute "mysql Customers --wait --silent --execute=SELECT 1;" at Docker container ba22c86fd145&#xD;
[testcontainers.org 00:08:30.58] Execute "mysql Customers --wait --silent --execute=SELECT 1;" at Docker container ba22c86fd145&#xD;
[testcontainers.org 00:08:31.78] Execute "mysql Customers --wait --silent --execute=SELECT 1;" at Docker container ba22c86fd145&#xD;
[testcontainers.org 00:08:32.97] Execute "mysql Customers --wait --silent --execute=SELECT 1;" at Docker container ba22c86fd145&#xD;
[testcontainers.org 00:08:34.83] Execute "mysql Customers --wait --silent --execute=SELECT 1;" at Docker container ba22c86fd145&#xD;
[testcontainers.org 00:08:34.97] Docker container ba22c86fd145 ready&#xD;
[testcontainers.org 00:08:36.63] Docker container d32da93ad8c4 created&#xD;
[testcontainers.org 00:08:36.66] Start Docker container d32da93ad8c4&#xD;
[testcontainers.org 00:08:39.66] Wait for Docker container d32da93ad8c4 to complete readiness checks&#xD;
[testcontainers.org 00:09:03.62] Docker container d32da93ad8c4 ready&#xD;
[testcontainers.org 00:09:04.10] Docker container f7add435afe7 created&#xD;
[testcontainers.org 00:09:04.12] Start Docker container f7add435afe7&#xD;
[testcontainers.org 00:09:05.73] Execute "mkdir /var/lib/mysql-files" at Docker container f7add435afe7&#xD;
[testcontainers.org 00:09:05.73] Add file to tar archive: Content length: 48 byte(s), Target file: "/etc/mysql/my.cnf"&#xD;
[testcontainers.org 00:09:05.73] Copy tar archive to container: Content length: 48 byte(s), Docker container: f7add435afe7&#xD;
[testcontainers.org 00:09:05.84] Wait for Docker container f7add435afe7 to complete readiness checks&#xD;
[testcontainers.org 00:09:05.86] Execute "mysql Customers --wait --silent --execute=SELECT 1;" at Docker container f7add435afe7&#xD;
[testcontainers.org 00:09:06.97] Execute "mysql Customers --wait --silent --execute=SELECT 1;" at Docker container f7add435afe7&#xD;
[testcontainers.org 00:09:08.11] Execute "mysql Customers --wait --silent --execute=SELECT 1;" at Docker container f7add435afe7&#xD;
[testcontainers.org 00:09:09.32] Execute "mysql Customers --wait --silent --execute=SELECT 1;" at Docker container f7add435afe7&#xD;
[testcontainers.org 00:09:10.44] Execute "mysql Customers --wait --silent --execute=SELECT 1;" at Docker container f7add435afe7&#xD;
[testcontainers.org 00:09:11.53] Execute "mysql Customers --wait --silent --execute=SELECT 1;" at Docker container f7add435afe7&#xD;
[testcontainers.org 00:09:12.63] Execute "mysql Customers --wait --silent --execute=SELECT 1;" at Docker container f7add435afe7&#xD;
[testcontainers.org 00:09:13.74] Execute "mysql Customers --wait --silent --execute=SELECT 1;" at Docker container f7add435afe7&#xD;
[testcontainers.org 00:09:14.84] Execute "mysql Customers --wait --silent --execute=SELECT 1;" at Docker container f7add435afe7&#xD;
[testcontainers.org 00:09:15.95] Execute "mysql Customers --wait --silent --execute=SELECT 1;" at Docker container f7add435afe7&#xD;
[testcontainers.org 00:09:17.08] Execute "mysql Customers --wait --silent --execute=SELECT 1;" at Docker container f7add435afe7&#xD;
[testcontainers.org 00:09:18.32] Execute "mysql Customers --wait --silent --execute=SELECT 1;" at Docker container f7add435afe7&#xD;
[testcontainers.org 00:09:19.44] Execute "mysql Customers --wait --silent --execute=SELECT 1;" at Docker container f7add435afe7&#xD;
[testcontainers.org 00:09:20.57] Execute "mysql Customers --wait --silent --execute=SELECT 1;" at Docker container f7add435afe7&#xD;
[testcontainers.org 00:09:21.68] Execute "mysql Customers --wait --silent --execute=SELECT 1;" at Docker container f7add435afe7&#xD;
[testcontainers.org 00:09:22.79] Execute "mysql Customers --wait --silent --execute=SELECT 1;" at Docker container f7add435afe7&#xD;
[testcontainers.org 00:09:23.88] Execute "mysql Customers --wait --silent --execute=SELECT 1;" at Docker container f7add435afe7&#xD;
[testcontainers.org 00:09:25.01] Execute "mysql Customers --wait --silent --execute=SELECT 1;" at Docker container f7add435afe7&#xD;
[testcontainers.org 00:09:26.11] Execute "mysql Customers --wait --silent --execute=SELECT 1;" at Docker container f7add435afe7&#xD;
[testcontainers.org 00:09:27.23] Execute "mysql Customers --wait --silent --execute=SELECT 1;" at Docker container f7add435afe7&#xD;
[testcontainers.org 00:09:28.35] Execute "mysql Customers --wait --silent --execute=SELECT 1;" at Docker container f7add435afe7&#xD;
[testcontainers.org 00:09:29.78] Execute "mysql Customers --wait --silent --execute=SELECT 1;" at Docker container f7add435afe7&#xD;
[testcontainers.org 00:09:31.35] Execute "mysql Customers --wait --silent --execute=SELECT 1;" at Docker container f7add435afe7&#xD;
[testcontainers.org 00:09:32.59] Execute "mysql Customers --wait --silent --execute=SELECT 1;" at Docker container f7add435afe7&#xD;
[testcontainers.org 00:09:33.80] Execute "mysql Customers --wait --silent --execute=SELECT 1;" at Docker container f7add435afe7&#xD;
[testcontainers.org 00:09:35.07] Execute "mysql Customers --wait --silent --execute=SELECT 1;" at Docker container f7add435afe7&#xD;
[testcontainers.org 00:09:36.18] Execute "mysql Customers --wait --silent --execute=SELECT 1;" at Docker container f7add435afe7&#xD;
[testcontainers.org 00:09:37.37] Execute "mysql Customers --wait --silent --execute=SELECT 1;" at Docker container f7add435afe7&#xD;
[testcontainers.org 00:09:38.49] Execute "mysql Customers --wait --silent --execute=SELECT 1;" at Docker container f7add435afe7&#xD;
[testcontainers.org 00:09:39.61] Execute "mysql Customers --wait --silent --execute=SELECT 1;" at Docker container f7add435afe7&#xD;
[testcontainers.org 00:09:40.73] Execute "mysql Customers --wait --silent --execute=SELECT 1;" at Docker container f7add435afe7&#xD;
[testcontainers.org 00:09:41.87] Execute "mysql Customers --wait --silent --execute=SELECT 1;" at Docker container f7add435afe7&#xD;
[testcontainers.org 00:09:42.14] Docker container f7add435afe7 ready&#xD;
Given a RabbitMQ queue named test_queue&#xD;
-&gt; done: RabbitMqTestStepDefinitions.GivenARabbitMQQueueNamed("test_queue") (0.0s)&#xD;
When a message Hello RabbitMQ! is published to the queue&#xD;
-&gt; done: RabbitMqTestStepDefinitions.WhenAMessageIsPublishedToTheQueue("Hello RabbitMQ!") (0.0s)&#xD;
Then the message should be consumed from the queue&#xD;
[testcontainers.org 00:09:42.70] Docker container 44376d689a81 created&#xD;
[testcontainers.org 00:09:42.74] Start Docker container 44376d689a81&#xD;
-&gt; done: RabbitMqTestStepDefinitions.ThenTheMessageShouldBeConsumedFromTheQueue() (1.0s)&#xD;
[testcontainers.org 00:09:43.42] Delete Docker container ba22c86fd145&#xD;
[testcontainers.org 00:09:44.83] Delete Docker container d32da93ad8c4&#xD;
[testcontainers.org 00:09:45.02] Execute "mkdir /var/lib/mysql-files" at Docker container 44376d689a81&#xD;
[testcontainers.org 00:09:45.02] Add file to tar archive: Content length: 48 byte(s), Target file: "/etc/mysql/my.cnf"&#xD;
[testcontainers.org 00:09:45.02] Copy tar archive to container: Content length: 48 byte(s), Docker container: 44376d689a81&#xD;
[testcontainers.org 00:09:45.79] Wait for Docker container 44376d689a81 to complete readiness checks&#xD;
[testcontainers.org 00:09:45.82] Execute "mysql Customers --wait --silent --execute=SELECT 1;" at Docker container 44376d689a81&#xD;
[testcontainers.org 00:09:47.41] Execute "mysql Customers --wait --silent --execute=SELECT 1;" at Docker container 44376d689a81&#xD;
[testcontainers.org 00:09:47.42] Delete Docker container f7add435afe7&#xD;
[testcontainers.org 00:09:48.75] Execute "mysql Customers --wait --silent --execute=SELECT 1;" at Docker container 44376d689a81&#xD;
&#xD;
NUnit Adapter 4.6.0.0: Test execution complete&#xD;
</StdOut>
    </Output>
  </ResultSummary>
</TestRun>